{"/home/letser/dev/plotplay/frontend/src/components/ChoicePanel.tsx": {"path":"/home/letser/dev/plotplay/frontend/src/components/ChoicePanel.tsx","statementMap":{"0":{"start":{"line":1,"column":0},"end":{"line":1,"column":41}},"1":{"start":{"line":2,"column":0},"end":{"line":2,"column":51}},"2":{"start":{"line":3,"column":0},"end":{"line":3,"column":48}},"3":{"start":{"line":4,"column":0},"end":{"line":4,"column":69}},"4":{"start":{"line":5,"column":0},"end":{"line":5,"column":50}},"5":{"start":{"line":6,"column":0},"end":{"line":6,"column":85}},"6":{"start":{"line":20,"column":27},"end":{"line":261,"column":1}},"7":{"start":{"line":21,"column":82},"end":{"line":21,"column":96}},"8":{"start":{"line":22,"column":23},"end":{"line":22,"column":45}},"9":{"start":{"line":23,"column":38},"end":{"line":23,"column":67}},"10":{"start":{"line":24,"column":38},"end":{"line":24,"column":50}},"11":{"start":{"line":25,"column":40},"end":{"line":25,"column":69}},"12":{"start":{"line":26,"column":48},"end":{"line":26,"column":63}},"13":{"start":{"line":27,"column":21},"end":{"line":27,"column":51}},"14":{"start":{"line":30,"column":30},"end":{"line":30,"column":61}},"15":{"start":{"line":30,"column":53},"end":{"line":30,"column":60}},"16":{"start":{"line":33,"column":28},"end":{"line":33,"column":85}},"17":{"start":{"line":33,"column":48},"end":{"line":33,"column":84}},"18":{"start":{"line":34,"column":24},"end":{"line":34,"column":84}},"19":{"start":{"line":34,"column":44},"end":{"line":34,"column":83}},"20":{"start":{"line":37,"column":4},"end":{"line":63,"column":7}},"21":{"start":{"line":41,"column":16},"end":{"line":41,"column":33}},"22":{"start":{"line":42,"column":16},"end":{"line":42,"column":41}},"23":{"start":{"line":50,"column":16},"end":{"line":50,"column":42}},"24":{"start":{"line":54,"column":59},"end":{"line":62,"column":10}},"25":{"start":{"line":57,"column":16},"end":{"line":59,"column":17}},"26":{"start":{"line":58,"column":20},"end":{"line":58,"column":46}},"27":{"start":{"line":65,"column":25},"end":{"line":71,"column":5}},"28":{"start":{"line":66,"column":8},"end":{"line":66,"column":27}},"29":{"start":{"line":67,"column":8},"end":{"line":70,"column":9}},"30":{"start":{"line":68,"column":12},"end":{"line":68,"column":108}},"31":{"start":{"line":69,"column":12},"end":{"line":69,"column":29}},"32":{"start":{"line":73,"column":30},"end":{"line":80,"column":5}},"33":{"start":{"line":74,"column":8},"end":{"line":79,"column":9}},"34":{"start":{"line":75,"column":12},"end":{"line":75,"column":44}},"35":{"start":{"line":77,"column":31},"end":{"line":77,"column":87}},"36":{"start":{"line":78,"column":12},"end":{"line":78,"column":98}},"37":{"start":{"line":82,"column":29},"end":{"line":85,"column":5}},"38":{"start":{"line":83,"column":8},"end":{"line":83,"column":45}},"39":{"start":{"line":83,"column":33},"end":{"line":83,"column":45}},"40":{"start":{"line":84,"column":8},"end":{"line":84,"column":52}},"41":{"start":{"line":87,"column":4},"end":{"line":260,"column":6}},"42":{"start":{"line":96,"column":43},"end":{"line":96,"column":62}},"43":{"start":{"line":108,"column":43},"end":{"line":108,"column":61}},"44":{"start":{"line":125,"column":47},"end":{"line":125,"column":81}},"45":{"start":{"line":138,"column":44},"end":{"line":138,"column":64}},"46":{"start":{"line":139,"column":44},"end":{"line":139,"column":69}},"47":{"start":{"line":148,"column":40},"end":{"line":149,"column":null}},"48":{"start":{"line":152,"column":48},"end":{"line":152,"column":68}},"49":{"start":{"line":153,"column":48},"end":{"line":153,"column":73}},"50":{"start":{"line":172,"column":41},"end":{"line":172,"column":69}},"51":{"start":{"line":210,"column":36},"end":{"line":211,"column":null}},"52":{"start":{"line":212,"column":55},"end":{"line":212,"column":80}},"53":{"start":{"line":236,"column":36},"end":{"line":237,"column":null}},"54":{"start":{"line":238,"column":55},"end":{"line":238,"column":80}},"55":{"start":{"line":20,"column":13},"end":{"line":20,"column":27}}},"fnMap":{"0":{"name":"(anonymous_0)","decl":{"start":{"line":20,"column":27},"end":{"line":20,"column":28}},"loc":{"start":{"line":20,"column":50},"end":{"line":261,"column":1}}},"1":{"name":"(anonymous_1)","decl":{"start":{"line":30,"column":45},"end":{"line":30,"column":49}},"loc":{"start":{"line":30,"column":53},"end":{"line":30,"column":60}}},"2":{"name":"(anonymous_2)","decl":{"start":{"line":33,"column":43},"end":{"line":33,"column":44}},"loc":{"start":{"line":33,"column":48},"end":{"line":33,"column":84}}},"3":{"name":"(anonymous_3)","decl":{"start":{"line":34,"column":39},"end":{"line":34,"column":40}},"loc":{"start":{"line":34,"column":44},"end":{"line":34,"column":83}}},"4":{"name":"(anonymous_4)","decl":{"start":{"line":40,"column":21},"end":{"line":40,"column":24}},"loc":{"start":{"line":40,"column":26},"end":{"line":43,"column":13}}},"5":{"name":"(anonymous_5)","decl":{"start":{"line":49,"column":21},"end":{"line":49,"column":24}},"loc":{"start":{"line":49,"column":26},"end":{"line":51,"column":13}}},"6":{"name":"(anonymous_6)","decl":{"start":{"line":54,"column":39},"end":{"line":54,"column":40}},"loc":{"start":{"line":54,"column":59},"end":{"line":62,"column":10}}},"7":{"name":"(anonymous_7)","decl":{"start":{"line":56,"column":21},"end":{"line":56,"column":24}},"loc":{"start":{"line":56,"column":26},"end":{"line":60,"column":13}}},"8":{"name":"(anonymous_8)","decl":{"start":{"line":65,"column":25},"end":{"line":65,"column":26}},"loc":{"start":{"line":65,"column":48},"end":{"line":71,"column":5}}},"9":{"name":"(anonymous_9)","decl":{"start":{"line":73,"column":30},"end":{"line":73,"column":31}},"loc":{"start":{"line":73,"column":49},"end":{"line":80,"column":5}}},"10":{"name":"(anonymous_10)","decl":{"start":{"line":82,"column":29},"end":{"line":82,"column":32}},"loc":{"start":{"line":82,"column":34},"end":{"line":85,"column":5}}},"11":{"name":"(anonymous_11)","decl":{"start":{"line":96,"column":37},"end":{"line":96,"column":40}},"loc":{"start":{"line":96,"column":43},"end":{"line":96,"column":62}}},"12":{"name":"(anonymous_12)","decl":{"start":{"line":108,"column":37},"end":{"line":108,"column":40}},"loc":{"start":{"line":108,"column":43},"end":{"line":108,"column":61}}},"13":{"name":"(anonymous_13)","decl":{"start":{"line":125,"column":41},"end":{"line":125,"column":44}},"loc":{"start":{"line":125,"column":47},"end":{"line":125,"column":81}}},"14":{"name":"(anonymous_14)","decl":{"start":{"line":137,"column":49},"end":{"line":137,"column":52}},"loc":{"start":{"line":137,"column":54},"end":{"line":140,"column":41}}},"15":{"name":"(anonymous_15)","decl":{"start":{"line":147,"column":59},"end":{"line":147,"column":63}},"loc":{"start":{"line":148,"column":40},"end":{"line":149,"column":null}}},"16":{"name":"(anonymous_16)","decl":{"start":{"line":151,"column":53},"end":{"line":151,"column":56}},"loc":{"start":{"line":151,"column":58},"end":{"line":154,"column":45}}},"17":{"name":"(anonymous_17)","decl":{"start":{"line":172,"column":34},"end":{"line":172,"column":35}},"loc":{"start":{"line":172,"column":41},"end":{"line":172,"column":69}}},"18":{"name":"(anonymous_18)","decl":{"start":{"line":209,"column":49},"end":{"line":209,"column":50}},"loc":{"start":{"line":210,"column":36},"end":{"line":211,"column":null}}},"19":{"name":"(anonymous_19)","decl":{"start":{"line":212,"column":49},"end":{"line":212,"column":52}},"loc":{"start":{"line":212,"column":55},"end":{"line":212,"column":80}}},"20":{"name":"(anonymous_20)","decl":{"start":{"line":235,"column":53},"end":{"line":235,"column":54}},"loc":{"start":{"line":236,"column":36},"end":{"line":237,"column":null}}},"21":{"name":"(anonymous_21)","decl":{"start":{"line":238,"column":49},"end":{"line":238,"column":52}},"loc":{"start":{"line":238,"column":55},"end":{"line":238,"column":80}}}},"branchMap":{"0":{"loc":{"start":{"line":33,"column":48},"end":{"line":33,"column":84}},"type":"binary-expr","locations":[{"start":{"line":33,"column":48},"end":{"line":33,"column":69}},{"start":{"line":33,"column":73},"end":{"line":33,"column":84}}]},"1":{"loc":{"start":{"line":34,"column":44},"end":{"line":34,"column":83}},"type":"binary-expr","locations":[{"start":{"line":34,"column":44},"end":{"line":34,"column":68}},{"start":{"line":34,"column":72},"end":{"line":34,"column":83}}]},"2":{"loc":{"start":{"line":57,"column":16},"end":{"line":59,"column":17}},"type":"if","locations":[{"start":{"line":57,"column":16},"end":{"line":59,"column":17}},{"start":{},"end":{}}]},"3":{"loc":{"start":{"line":67,"column":8},"end":{"line":70,"column":9}},"type":"if","locations":[{"start":{"line":67,"column":8},"end":{"line":70,"column":9}},{"start":{},"end":{}}]},"4":{"loc":{"start":{"line":68,"column":44},"end":{"line":68,"column":83}},"type":"cond-expr","locations":[{"start":{"line":68,"column":66},"end":{"line":68,"column":76}},{"start":{"line":68,"column":79},"end":{"line":68,"column":83}}]},"5":{"loc":{"start":{"line":74,"column":8},"end":{"line":79,"column":9}},"type":"if","locations":[{"start":{"line":74,"column":8},"end":{"line":79,"column":9}},{"start":{"line":76,"column":15},"end":{"line":79,"column":9}}]},"6":{"loc":{"start":{"line":74,"column":12},"end":{"line":74,"column":69}},"type":"binary-expr","locations":[{"start":{"line":74,"column":12},"end":{"line":74,"column":39}},{"start":{"line":74,"column":43},"end":{"line":74,"column":69}}]},"7":{"loc":{"start":{"line":77,"column":31},"end":{"line":77,"column":87}},"type":"binary-expr","locations":[{"start":{"line":77,"column":31},"end":{"line":77,"column":58}},{"start":{"line":77,"column":63},"end":{"line":77,"column":77}},{"start":{"line":77,"column":81},"end":{"line":77,"column":86}}]},"8":{"loc":{"start":{"line":83,"column":8},"end":{"line":83,"column":45}},"type":"if","locations":[{"start":{"line":83,"column":8},"end":{"line":83,"column":45}},{"start":{},"end":{}}]},"9":{"loc":{"start":{"line":84,"column":15},"end":{"line":84,"column":51}},"type":"cond-expr","locations":[{"start":{"line":84,"column":28},"end":{"line":84,"column":38}},{"start":{"line":84,"column":41},"end":{"line":84,"column":51}}]},"10":{"loc":{"start":{"line":98,"column":32},"end":{"line":100,"column":null}},"type":"cond-expr","locations":[{"start":{"line":99,"column":38},"end":{"line":99,"column":62}},{"start":{"line":100,"column":38},"end":{"line":100,"column":null}}]},"11":{"loc":{"start":{"line":110,"column":32},"end":{"line":112,"column":null}},"type":"cond-expr","locations":[{"start":{"line":111,"column":38},"end":{"line":111,"column":63}},{"start":{"line":112,"column":38},"end":{"line":112,"column":null}}]},"12":{"loc":{"start":{"line":121,"column":21},"end":{"line":164,"column":null}},"type":"binary-expr","locations":[{"start":{"line":121,"column":21},"end":{"line":121,"column":40}},{"start":{"line":121,"column":44},"end":{"line":121,"column":72}},{"start":{"line":122,"column":24},"end":{"line":163,"column":null}}]},"13":{"loc":{"start":{"line":133,"column":29},"end":{"line":162,"column":null}},"type":"binary-expr","locations":[{"start":{"line":133,"column":29},"end":{"line":133,"column":43}},{"start":{"line":134,"column":32},"end":{"line":161,"column":null}}]},"14":{"loc":{"start":{"line":142,"column":44},"end":{"line":142,"column":null}},"type":"cond-expr","locations":[{"start":{"line":142,"column":58},"end":{"line":142,"column":71}},{"start":{"line":142,"column":74},"end":{"line":142,"column":null}}]},"15":{"loc":{"start":{"line":156,"column":48},"end":{"line":156,"column":null}},"type":"cond-expr","locations":[{"start":{"line":156,"column":70},"end":{"line":156,"column":83}},{"start":{"line":156,"column":86},"end":{"line":156,"column":null}}]},"16":{"loc":{"start":{"line":174,"column":28},"end":{"line":176,"column":59}},"type":"cond-expr","locations":[{"start":{"line":175,"column":34},"end":{"line":175,"column":81}},{"start":{"line":176,"column":34},"end":{"line":176,"column":59}}]},"17":{"loc":{"start":{"line":175,"column":44},"end":{"line":175,"column":76}},"type":"binary-expr","locations":[{"start":{"line":175,"column":44},"end":{"line":175,"column":62}},{"start":{"line":175,"column":66},"end":{"line":175,"column":76}}]},"18":{"loc":{"start":{"line":186,"column":34},"end":{"line":186,"column":62}},"type":"binary-expr","locations":[{"start":{"line":186,"column":34},"end":{"line":186,"column":41}},{"start":{"line":186,"column":45},"end":{"line":186,"column":62}}]},"19":{"loc":{"start":{"line":191,"column":25},"end":{"line":191,"column":94}},"type":"cond-expr","locations":[{"start":{"line":191,"column":35},"end":{"line":191,"column":63}},{"start":{"line":191,"column":66},"end":{"line":191,"column":94}}]},"20":{"loc":{"start":{"line":197,"column":13},"end":{"line":250,"column":null}},"type":"binary-expr","locations":[{"start":{"line":197,"column":14},"end":{"line":197,"column":40}},{"start":{"line":197,"column":44},"end":{"line":197,"column":66}},{"start":{"line":198,"column":16},"end":{"line":249,"column":null}}]},"21":{"loc":{"start":{"line":202,"column":21},"end":{"line":224,"column":null}},"type":"binary-expr","locations":[{"start":{"line":202,"column":21},"end":{"line":202,"column":43}},{"start":{"line":203,"column":24},"end":{"line":223,"column":null}}]},"22":{"loc":{"start":{"line":219,"column":41},"end":{"line":219,"column":114}},"type":"binary-expr","locations":[{"start":{"line":219,"column":41},"end":{"line":219,"column":50}},{"start":{"line":219,"column":54},"end":{"line":219,"column":114}}]},"23":{"loc":{"start":{"line":228,"column":21},"end":{"line":248,"column":null}},"type":"binary-expr","locations":[{"start":{"line":228,"column":21},"end":{"line":228,"column":47}},{"start":{"line":229,"column":24},"end":{"line":247,"column":null}}]},"24":{"loc":{"start":{"line":254,"column":13},"end":{"line":257,"column":null}},"type":"binary-expr","locations":[{"start":{"line":254,"column":13},"end":{"line":254,"column":20}},{"start":{"line":255,"column":16},"end":{"line":256,"column":null}}]}},"s":{"0":1,"1":1,"2":1,"3":1,"4":1,"5":1,"6":1,"7":28,"8":28,"9":28,"10":28,"11":28,"12":28,"13":28,"14":28,"15":28,"16":28,"17":55,"18":28,"19":55,"20":28,"21":0,"22":0,"23":0,"24":29,"25":0,"26":0,"27":28,"28":3,"29":3,"30":3,"31":3,"32":28,"33":1,"34":0,"35":1,"36":1,"37":28,"38":46,"39":0,"40":46,"41":28,"42":0,"43":3,"44":0,"45":0,"46":0,"47":0,"48":0,"49":0,"50":6,"51":29,"52":1,"53":25,"54":0,"55":1},"f":{"0":28,"1":28,"2":55,"3":55,"4":0,"5":0,"6":29,"7":0,"8":3,"9":1,"10":46,"11":0,"12":3,"13":0,"14":0,"15":0,"16":0,"17":6,"18":29,"19":1,"20":25,"21":0},"b":{"0":[55,25],"1":[55,30],"2":[0,0],"3":[3,0],"4":[2,1],"5":[0,1],"6":[1,1],"7":[1,1,1],"8":[0,46],"9":[0,46],"10":[23,5],"11":[5,23],"12":[28,23,23],"13":[23,0],"14":[0,0],"15":[0,0],"16":[23,5],"17":[23,0],"18":[28,25],"19":[3,25],"20":[28,3,28],"21":[28,28],"22":[29,29],"23":[28,25],"24":[28,3]}}
,"/home/letser/dev/plotplay/frontend/src/components/LoadingSpinner.tsx": {"path":"/home/letser/dev/plotplay/frontend/src/components/LoadingSpinner.tsx","statementMap":{"0":{"start":{"line":1,"column":0},"end":{"line":1,"column":39}},"1":{"start":{"line":13,"column":30},"end":{"line":38,"column":1}},"2":{"start":{"line":14,"column":24},"end":{"line":18,"column":6}},"3":{"start":{"line":21,"column":8},"end":{"line":25,"column":null}},"4":{"start":{"line":29,"column":4},"end":{"line":35,"column":5}},"5":{"start":{"line":30,"column":8},"end":{"line":34,"column":10}},"6":{"start":{"line":37,"column":4},"end":{"line":37,"column":19}},"7":{"start":{"line":13,"column":13},"end":{"line":13,"column":30}}},"fnMap":{"0":{"name":"(anonymous_0)","decl":{"start":{"line":13,"column":30},"end":{"line":13,"column":31}},"loc":{"start":{"line":13,"column":86},"end":{"line":38,"column":1}}}},"branchMap":{"0":{"loc":{"start":{"line":13,"column":33},"end":{"line":13,"column":44}},"type":"default-arg","locations":[{"start":{"line":13,"column":40},"end":{"line":13,"column":44}}]},"1":{"loc":{"start":{"line":13,"column":55},"end":{"line":13,"column":73}},"type":"default-arg","locations":[{"start":{"line":13,"column":68},"end":{"line":13,"column":73}}]},"2":{"loc":{"start":{"line":23,"column":13},"end":{"line":24,"column":null}},"type":"binary-expr","locations":[{"start":{"line":23,"column":13},"end":{"line":23,"column":20}},{"start":{"line":24,"column":16},"end":{"line":24,"column":66}}]},"3":{"loc":{"start":{"line":29,"column":4},"end":{"line":35,"column":5}},"type":"if","locations":[{"start":{"line":29,"column":4},"end":{"line":35,"column":5}},{"start":{},"end":{}}]}},"s":{"0":1,"1":1,"2":3,"3":3,"4":3,"5":0,"6":3,"7":1},"f":{"0":3},"b":{"0":[0],"1":[3],"2":[3,0],"3":[0,3]}}
,"/home/letser/dev/plotplay/frontend/src/components/MovementControls.tsx": {"path":"/home/letser/dev/plotplay/frontend/src/components/MovementControls.tsx","statementMap":{"0":{"start":{"line":1,"column":0},"end":{"line":1,"column":44}},"1":{"start":{"line":2,"column":0},"end":{"line":2,"column":51}},"2":{"start":{"line":3,"column":0},"end":{"line":3,"column":39}},"3":{"start":{"line":4,"column":0},"end":{"line":4,"column":39}},"4":{"start":{"line":5,"column":0},"end":{"line":5,"column":85}},"5":{"start":{"line":7,"column":52},"end":{"line":12,"column":2}},"6":{"start":{"line":14,"column":32},"end":{"line":64,"column":1}},"7":{"start":{"line":15,"column":32},"end":{"line":15,"column":46}},"8":{"start":{"line":16,"column":21},"end":{"line":16,"column":34}},"9":{"start":{"line":18,"column":4},"end":{"line":20,"column":5}},"10":{"start":{"line":19,"column":8},"end":{"line":19,"column":20}},"11":{"start":{"line":22,"column":18},"end":{"line":22,"column":32}},"12":{"start":{"line":24,"column":23},"end":{"line":30,"column":5}},"13":{"start":{"line":25,"column":8},"end":{"line":29,"column":9}},"14":{"start":{"line":26,"column":12},"end":{"line":26,"column":51}},"15":{"start":{"line":27,"column":15},"end":{"line":29,"column":9}},"16":{"start":{"line":28,"column":12},"end":{"line":28,"column":59}},"17":{"start":{"line":32,"column":4},"end":{"line":63,"column":6}},"18":{"start":{"line":41,"column":33},"end":{"line":41,"column":103}},"19":{"start":{"line":43,"column":24},"end":{"line":45,"column":52}},"20":{"start":{"line":47,"column":20},"end":{"line":59,"column":22}},"21":{"start":{"line":50,"column":43},"end":{"line":50,"column":78}},"22":{"start":{"line":14,"column":13},"end":{"line":14,"column":32}}},"fnMap":{"0":{"name":"(anonymous_0)","decl":{"start":{"line":14,"column":32},"end":{"line":14,"column":35}},"loc":{"start":{"line":14,"column":37},"end":{"line":64,"column":1}}},"1":{"name":"(anonymous_1)","decl":{"start":{"line":24,"column":23},"end":{"line":24,"column":24}},"loc":{"start":{"line":24,"column":75},"end":{"line":30,"column":5}}},"2":{"name":"(anonymous_2)","decl":{"start":{"line":40,"column":27},"end":{"line":40,"column":28}},"loc":{"start":{"line":40,"column":43},"end":{"line":60,"column":17}}},"3":{"name":"(anonymous_3)","decl":{"start":{"line":50,"column":37},"end":{"line":50,"column":40}},"loc":{"start":{"line":50,"column":43},"end":{"line":50,"column":78}}}},"branchMap":{"0":{"loc":{"start":{"line":18,"column":4},"end":{"line":20,"column":5}},"type":"if","locations":[{"start":{"line":18,"column":4},"end":{"line":20,"column":5}},{"start":{},"end":{}}]},"1":{"loc":{"start":{"line":18,"column":8},"end":{"line":18,"column":48}},"type":"binary-expr","locations":[{"start":{"line":18,"column":8},"end":{"line":18,"column":17}},{"start":{"line":18,"column":21},"end":{"line":18,"column":48}}]},"2":{"loc":{"start":{"line":25,"column":8},"end":{"line":29,"column":9}},"type":"if","locations":[{"start":{"line":25,"column":8},"end":{"line":29,"column":9}},{"start":{"line":27,"column":15},"end":{"line":29,"column":9}}]},"3":{"loc":{"start":{"line":27,"column":15},"end":{"line":29,"column":9}},"type":"if","locations":[{"start":{"line":27,"column":15},"end":{"line":29,"column":9}},{"start":{},"end":{}}]},"4":{"loc":{"start":{"line":41,"column":33},"end":{"line":41,"column":103}},"type":"cond-expr","locations":[{"start":{"line":41,"column":50},"end":{"line":41,"column":96}},{"start":{"line":41,"column":99},"end":{"line":41,"column":103}}]},"5":{"loc":{"start":{"line":43,"column":24},"end":{"line":45,"column":52}},"type":"cond-expr","locations":[{"start":{"line":44,"column":30},"end":{"line":44,"column":91}},{"start":{"line":45,"column":30},"end":{"line":45,"column":52}}]},"6":{"loc":{"start":{"line":43,"column":24},"end":{"line":43,"column":46}},"type":"binary-expr","locations":[{"start":{"line":43,"column":24},"end":{"line":43,"column":38}},{"start":{"line":43,"column":42},"end":{"line":43,"column":46}}]},"7":{"loc":{"start":{"line":49,"column":36},"end":{"line":49,"column":70}},"type":"binary-expr","locations":[{"start":{"line":49,"column":36},"end":{"line":49,"column":43}},{"start":{"line":49,"column":47},"end":{"line":49,"column":61}},{"start":{"line":49,"column":65},"end":{"line":49,"column":70}}]}},"s":{"0":1,"1":1,"2":1,"3":1,"4":1,"5":1,"6":1,"7":1,"8":1,"9":1,"10":0,"11":1,"12":1,"13":1,"14":1,"15":0,"16":0,"17":1,"18":1,"19":1,"20":1,"21":1,"22":1},"f":{"0":1,"1":1,"2":1,"3":1},"b":{"0":[0,1],"1":[1,1],"2":[1,0],"3":[0,0],"4":[1,0],"5":[1,0],"6":[1,1],"7":[1,0,0]}}
,"/home/letser/dev/plotplay/frontend/src/hooks/index.ts": {"path":"/home/letser/dev/plotplay/frontend/src/hooks/index.ts","statementMap":{"0":{"start":{"line":5,"column":0},"end":{"line":5,"column":9}},"1":{"start":{"line":5,"column":9},"end":{"line":5,"column":44}},"2":{"start":{"line":6,"column":0},"end":{"line":6,"column":9}},"3":{"start":{"line":6,"column":9},"end":{"line":6,"column":40}},"4":{"start":{"line":7,"column":0},"end":{"line":7,"column":9}},"5":{"start":{"line":7,"column":9},"end":{"line":7,"column":62}},"6":{"start":{"line":8,"column":0},"end":{"line":8,"column":9}},"7":{"start":{"line":8,"column":9},"end":{"line":8,"column":44}},"8":{"start":{"line":9,"column":0},"end":{"line":9,"column":9}},"9":{"start":{"line":9,"column":9},"end":{"line":9,"column":44}},"10":{"start":{"line":10,"column":0},"end":{"line":10,"column":9}},"11":{"start":{"line":10,"column":9},"end":{"line":10,"column":38}}},"fnMap":{"0":{"name":"(anonymous_0)","decl":{"start":{"line":5,"column":9},"end":{"line":5,"column":20}},"loc":{"start":{"line":5,"column":9},"end":{"line":5,"column":44}}},"1":{"name":"(anonymous_1)","decl":{"start":{"line":6,"column":9},"end":{"line":6,"column":18}},"loc":{"start":{"line":6,"column":9},"end":{"line":6,"column":40}}},"2":{"name":"(anonymous_2)","decl":{"start":{"line":7,"column":9},"end":{"line":7,"column":29}},"loc":{"start":{"line":7,"column":9},"end":{"line":7,"column":62}}},"3":{"name":"(anonymous_3)","decl":{"start":{"line":8,"column":9},"end":{"line":8,"column":20}},"loc":{"start":{"line":8,"column":9},"end":{"line":8,"column":44}}},"4":{"name":"(anonymous_4)","decl":{"start":{"line":9,"column":9},"end":{"line":9,"column":20}},"loc":{"start":{"line":9,"column":9},"end":{"line":9,"column":44}}},"5":{"name":"(anonymous_5)","decl":{"start":{"line":10,"column":9},"end":{"line":10,"column":17}},"loc":{"start":{"line":10,"column":9},"end":{"line":10,"column":38}}}},"branchMap":{},"s":{"0":3,"1":6,"2":3,"3":7,"4":3,"5":34,"6":3,"7":8,"8":3,"9":7,"10":3,"11":3},"f":{"0":3,"1":4,"2":31,"3":5,"4":4,"5":0},"b":{}}
,"/home/letser/dev/plotplay/frontend/src/hooks/useKeyboardShortcuts.ts": {"path":"/home/letser/dev/plotplay/frontend/src/hooks/useKeyboardShortcuts.ts","statementMap":{"0":{"start":{"line":5,"column":0},"end":{"line":5,"column":34}},"1":{"start":{"line":19,"column":35},"end":{"line":40,"column":1}},"2":{"start":{"line":20,"column":4},"end":{"line":39,"column":17}},"3":{"start":{"line":21,"column":30},"end":{"line":35,"column":9}},"4":{"start":{"line":22,"column":93},"end":{"line":22,"column":99}},"5":{"start":{"line":25,"column":12},"end":{"line":34,"column":13}},"6":{"start":{"line":32,"column":16},"end":{"line":32,"column":39}},"7":{"start":{"line":33,"column":16},"end":{"line":33,"column":31}},"8":{"start":{"line":37,"column":8},"end":{"line":37,"column":58}},"9":{"start":{"line":38,"column":8},"end":{"line":38,"column":74}},"10":{"start":{"line":38,"column":21},"end":{"line":38,"column":73}},"11":{"start":{"line":19,"column":13},"end":{"line":19,"column":35}},"12":{"start":{"line":45,"column":36},"end":{"line":68,"column":1}},"13":{"start":{"line":46,"column":4},"end":{"line":67,"column":18}},"14":{"start":{"line":47,"column":30},"end":{"line":63,"column":9}},"15":{"start":{"line":48,"column":12},"end":{"line":62,"column":13}},"16":{"start":{"line":49,"column":97},"end":{"line":49,"column":103}},"17":{"start":{"line":51,"column":16},"end":{"line":61,"column":17}},"18":{"start":{"line":58,"column":20},"end":{"line":58,"column":43}},"19":{"start":{"line":59,"column":20},"end":{"line":59,"column":35}},"20":{"start":{"line":60,"column":20},"end":{"line":60,"column":27}},"21":{"start":{"line":65,"column":8},"end":{"line":65,"column":58}},"22":{"start":{"line":66,"column":8},"end":{"line":66,"column":74}},"23":{"start":{"line":66,"column":21},"end":{"line":66,"column":73}},"24":{"start":{"line":45,"column":13},"end":{"line":45,"column":36}}},"fnMap":{"0":{"name":"(anonymous_0)","decl":{"start":{"line":19,"column":35},"end":{"line":19,"column":36}},"loc":{"start":{"line":19,"column":62},"end":{"line":40,"column":1}}},"1":{"name":"(anonymous_1)","decl":{"start":{"line":20,"column":14},"end":{"line":20,"column":17}},"loc":{"start":{"line":20,"column":19},"end":{"line":39,"column":5}}},"2":{"name":"(anonymous_2)","decl":{"start":{"line":21,"column":30},"end":{"line":21,"column":31}},"loc":{"start":{"line":21,"column":55},"end":{"line":35,"column":9}}},"3":{"name":"(anonymous_3)","decl":{"start":{"line":38,"column":15},"end":{"line":38,"column":18}},"loc":{"start":{"line":38,"column":21},"end":{"line":38,"column":73}}},"4":{"name":"(anonymous_4)","decl":{"start":{"line":45,"column":36},"end":{"line":45,"column":37}},"loc":{"start":{"line":45,"column":66},"end":{"line":68,"column":1}}},"5":{"name":"(anonymous_5)","decl":{"start":{"line":46,"column":14},"end":{"line":46,"column":17}},"loc":{"start":{"line":46,"column":19},"end":{"line":67,"column":5}}},"6":{"name":"(anonymous_6)","decl":{"start":{"line":47,"column":30},"end":{"line":47,"column":31}},"loc":{"start":{"line":47,"column":55},"end":{"line":63,"column":9}}},"7":{"name":"(anonymous_7)","decl":{"start":{"line":66,"column":15},"end":{"line":66,"column":18}},"loc":{"start":{"line":66,"column":21},"end":{"line":66,"column":73}}}},"branchMap":{"0":{"loc":{"start":{"line":22,"column":25},"end":{"line":22,"column":37}},"type":"default-arg","locations":[{"start":{"line":22,"column":32},"end":{"line":22,"column":37}}]},"1":{"loc":{"start":{"line":22,"column":39},"end":{"line":22,"column":52}},"type":"default-arg","locations":[{"start":{"line":22,"column":47},"end":{"line":22,"column":52}}]},"2":{"loc":{"start":{"line":22,"column":54},"end":{"line":22,"column":65}},"type":"default-arg","locations":[{"start":{"line":22,"column":60},"end":{"line":22,"column":65}}]},"3":{"loc":{"start":{"line":22,"column":67},"end":{"line":22,"column":79}},"type":"default-arg","locations":[{"start":{"line":22,"column":74},"end":{"line":22,"column":79}}]},"4":{"loc":{"start":{"line":25,"column":12},"end":{"line":34,"column":13}},"type":"if","locations":[{"start":{"line":25,"column":12},"end":{"line":34,"column":13}},{"start":{},"end":{}}]},"5":{"loc":{"start":{"line":26,"column":16},"end":{"line":30,"column":38}},"type":"binary-expr","locations":[{"start":{"line":26,"column":16},"end":{"line":26,"column":33}},{"start":{"line":27,"column":16},"end":{"line":27,"column":38}},{"start":{"line":28,"column":16},"end":{"line":28,"column":40}},{"start":{"line":29,"column":16},"end":{"line":29,"column":36}},{"start":{"line":30,"column":16},"end":{"line":30,"column":38}}]},"6":{"loc":{"start":{"line":49,"column":29},"end":{"line":49,"column":41}},"type":"default-arg","locations":[{"start":{"line":49,"column":36},"end":{"line":49,"column":41}}]},"7":{"loc":{"start":{"line":49,"column":43},"end":{"line":49,"column":56}},"type":"default-arg","locations":[{"start":{"line":49,"column":51},"end":{"line":49,"column":56}}]},"8":{"loc":{"start":{"line":49,"column":58},"end":{"line":49,"column":69}},"type":"default-arg","locations":[{"start":{"line":49,"column":64},"end":{"line":49,"column":69}}]},"9":{"loc":{"start":{"line":49,"column":71},"end":{"line":49,"column":83}},"type":"default-arg","locations":[{"start":{"line":49,"column":78},"end":{"line":49,"column":83}}]},"10":{"loc":{"start":{"line":51,"column":16},"end":{"line":61,"column":17}},"type":"if","locations":[{"start":{"line":51,"column":16},"end":{"line":61,"column":17}},{"start":{},"end":{}}]},"11":{"loc":{"start":{"line":52,"column":20},"end":{"line":56,"column":42}},"type":"binary-expr","locations":[{"start":{"line":52,"column":20},"end":{"line":52,"column":37}},{"start":{"line":53,"column":20},"end":{"line":53,"column":42}},{"start":{"line":54,"column":20},"end":{"line":54,"column":44}},{"start":{"line":55,"column":20},"end":{"line":55,"column":40}},{"start":{"line":56,"column":20},"end":{"line":56,"column":42}}]}},"s":{"0":1,"1":1,"2":0,"3":0,"4":0,"5":0,"6":0,"7":0,"8":0,"9":0,"10":0,"11":1,"12":1,"13":28,"14":28,"15":0,"16":0,"17":0,"18":0,"19":0,"20":0,"21":28,"22":28,"23":28,"24":1},"f":{"0":0,"1":0,"2":0,"3":0,"4":28,"5":28,"6":0,"7":28},"b":{"0":[0],"1":[0],"2":[0],"3":[0],"4":[0,0],"5":[0,0,0,0,0],"6":[0],"7":[0],"8":[0],"9":[0],"10":[0,0],"11":[0,0,0,0,0]}}
,"/home/letser/dev/plotplay/frontend/src/hooks/useLocation.ts": {"path":"/home/letser/dev/plotplay/frontend/src/hooks/useLocation.ts","statementMap":{"0":{"start":{"line":5,"column":0},"end":{"line":5,"column":44}},"1":{"start":{"line":12,"column":27},"end":{"line":15,"column":1}},"2":{"start":{"line":13,"column":21},"end":{"line":13,"column":34}},"3":{"start":{"line":14,"column":4},"end":{"line":14,"column":38}},"4":{"start":{"line":12,"column":13},"end":{"line":12,"column":27}}},"fnMap":{"0":{"name":"(anonymous_0)","decl":{"start":{"line":12,"column":27},"end":{"line":12,"column":55}},"loc":{"start":{"line":12,"column":57},"end":{"line":15,"column":1}}}},"branchMap":{"0":{"loc":{"start":{"line":14,"column":11},"end":{"line":14,"column":37}},"type":"binary-expr","locations":[{"start":{"line":14,"column":11},"end":{"line":14,"column":29}},{"start":{"line":14,"column":33},"end":{"line":14,"column":37}}]}},"s":{"0":3,"1":3,"2":5,"3":5,"4":3},"f":{"0":5},"b":{"0":[5,1]}}
,"/home/letser/dev/plotplay/frontend/src/hooks/usePlayer.ts": {"path":"/home/letser/dev/plotplay/frontend/src/hooks/usePlayer.ts","statementMap":{"0":{"start":{"line":5,"column":0},"end":{"line":5,"column":44}},"1":{"start":{"line":12,"column":25},"end":{"line":15,"column":1}},"2":{"start":{"line":13,"column":21},"end":{"line":13,"column":34}},"3":{"start":{"line":14,"column":4},"end":{"line":14,"column":36}},"4":{"start":{"line":12,"column":13},"end":{"line":12,"column":25}}},"fnMap":{"0":{"name":"(anonymous_0)","decl":{"start":{"line":12,"column":25},"end":{"line":12,"column":96}},"loc":{"start":{"line":12,"column":98},"end":{"line":15,"column":1}}}},"branchMap":{"0":{"loc":{"start":{"line":14,"column":11},"end":{"line":14,"column":35}},"type":"binary-expr","locations":[{"start":{"line":14,"column":11},"end":{"line":14,"column":27}},{"start":{"line":14,"column":31},"end":{"line":14,"column":35}}]}},"s":{"0":3,"1":3,"2":4,"3":4,"4":3},"f":{"0":4},"b":{"0":[4,1]}}
,"/home/letser/dev/plotplay/frontend/src/hooks/usePresentCharacters.ts": {"path":"/home/letser/dev/plotplay/frontend/src/hooks/usePresentCharacters.ts","statementMap":{"0":{"start":{"line":5,"column":0},"end":{"line":5,"column":44}},"1":{"start":{"line":12,"column":36},"end":{"line":15,"column":1}},"2":{"start":{"line":13,"column":21},"end":{"line":13,"column":34}},"3":{"start":{"line":14,"column":4},"end":{"line":14,"column":38}},"4":{"start":{"line":12,"column":13},"end":{"line":12,"column":36}}},"fnMap":{"0":{"name":"(anonymous_0)","decl":{"start":{"line":12,"column":36},"end":{"line":12,"column":60}},"loc":{"start":{"line":12,"column":62},"end":{"line":15,"column":1}}}},"branchMap":{"0":{"loc":{"start":{"line":14,"column":11},"end":{"line":14,"column":37}},"type":"binary-expr","locations":[{"start":{"line":14,"column":11},"end":{"line":14,"column":31}},{"start":{"line":14,"column":35},"end":{"line":14,"column":37}}]}},"s":{"0":3,"1":3,"2":31,"3":31,"4":3},"f":{"0":31},"b":{"0":[31,1]}}
,"/home/letser/dev/plotplay/frontend/src/hooks/useSnapshot.ts": {"path":"/home/letser/dev/plotplay/frontend/src/hooks/useSnapshot.ts","statementMap":{"0":{"start":{"line":6,"column":0},"end":{"line":6,"column":51}},"1":{"start":{"line":13,"column":27},"end":{"line":16,"column":1}},"2":{"start":{"line":14,"column":22},"end":{"line":14,"column":60}},"3":{"start":{"line":14,"column":44},"end":{"line":14,"column":59}},"4":{"start":{"line":15,"column":4},"end":{"line":15,"column":39}},"5":{"start":{"line":13,"column":13},"end":{"line":13,"column":27}}},"fnMap":{"0":{"name":"(anonymous_0)","decl":{"start":{"line":13,"column":27},"end":{"line":13,"column":52}},"loc":{"start":{"line":13,"column":54},"end":{"line":16,"column":1}}},"1":{"name":"(anonymous_1)","decl":{"start":{"line":14,"column":35},"end":{"line":14,"column":40}},"loc":{"start":{"line":14,"column":44},"end":{"line":14,"column":59}}}},"branchMap":{"0":{"loc":{"start":{"line":15,"column":11},"end":{"line":15,"column":38}},"type":"binary-expr","locations":[{"start":{"line":15,"column":11},"end":{"line":15,"column":30}},{"start":{"line":15,"column":34},"end":{"line":15,"column":38}}]}},"s":{"0":3,"1":3,"2":47,"3":139,"4":47,"5":3},"f":{"0":47,"1":139},"b":{"0":[47,6]}}
,"/home/letser/dev/plotplay/frontend/src/hooks/useTimeInfo.ts": {"path":"/home/letser/dev/plotplay/frontend/src/hooks/useTimeInfo.ts","statementMap":{"0":{"start":{"line":5,"column":0},"end":{"line":5,"column":44}},"1":{"start":{"line":12,"column":27},"end":{"line":15,"column":1}},"2":{"start":{"line":13,"column":21},"end":{"line":13,"column":34}},"3":{"start":{"line":14,"column":4},"end":{"line":14,"column":34}},"4":{"start":{"line":12,"column":13},"end":{"line":12,"column":27}}},"fnMap":{"0":{"name":"(anonymous_0)","decl":{"start":{"line":12,"column":27},"end":{"line":12,"column":51}},"loc":{"start":{"line":12,"column":53},"end":{"line":15,"column":1}}}},"branchMap":{"0":{"loc":{"start":{"line":14,"column":11},"end":{"line":14,"column":33}},"type":"binary-expr","locations":[{"start":{"line":14,"column":11},"end":{"line":14,"column":25}},{"start":{"line":14,"column":29},"end":{"line":14,"column":33}}]}},"s":{"0":3,"1":3,"2":4,"3":4,"4":3},"f":{"0":4},"b":{"0":[4,1]}}
,"/home/letser/dev/plotplay/frontend/src/hooks/useToast.ts": {"path":"/home/letser/dev/plotplay/frontend/src/hooks/useToast.ts","statementMap":{"0":{"start":{"line":5,"column":0},"end":{"line":5,"column":33}},"1":{"start":{"line":24,"column":13},"end":{"line":66,"column":4}},"2":{"start":{"line":24,"column":53},"end":{"line":66,"column":2}},"3":{"start":{"line":28,"column":19},"end":{"line":28,"column":51}},"4":{"start":{"line":29,"column":29},"end":{"line":29,"column":60}},"5":{"start":{"line":31,"column":8},"end":{"line":33,"column":12}},"6":{"start":{"line":31,"column":24},"end":{"line":33,"column":10}},"7":{"start":{"line":36,"column":8},"end":{"line":42,"column":9}},"8":{"start":{"line":37,"column":12},"end":{"line":41,"column":25}},"9":{"start":{"line":38,"column":16},"end":{"line":40,"column":20}},"10":{"start":{"line":38,"column":32},"end":{"line":40,"column":18}},"11":{"start":{"line":39,"column":55},"end":{"line":39,"column":66}},"12":{"start":{"line":46,"column":8},"end":{"line":48,"column":12}},"13":{"start":{"line":46,"column":24},"end":{"line":48,"column":10}},"14":{"start":{"line":47,"column":47},"end":{"line":47,"column":58}},"15":{"start":{"line":52,"column":8},"end":{"line":52,"column":67}},"16":{"start":{"line":56,"column":8},"end":{"line":56,"column":65}},"17":{"start":{"line":60,"column":8},"end":{"line":60,"column":64}},"18":{"start":{"line":64,"column":8},"end":{"line":64,"column":67}}},"fnMap":{"0":{"name":"(anonymous_0)","decl":{"start":{"line":24,"column":43},"end":{"line":24,"column":44}},"loc":{"start":{"line":24,"column":53},"end":{"line":66,"column":2}}},"1":{"name":"(anonymous_1)","decl":{"start":{"line":27,"column":14},"end":{"line":27,"column":15}},"loc":{"start":{"line":27,"column":49},"end":{"line":43,"column":5}}},"2":{"name":"(anonymous_2)","decl":{"start":{"line":31,"column":12},"end":{"line":31,"column":13}},"loc":{"start":{"line":31,"column":24},"end":{"line":33,"column":10}}},"3":{"name":"(anonymous_3)","decl":{"start":{"line":37,"column":23},"end":{"line":37,"column":26}},"loc":{"start":{"line":37,"column":28},"end":{"line":41,"column":13}}},"4":{"name":"(anonymous_4)","decl":{"start":{"line":38,"column":20},"end":{"line":38,"column":21}},"loc":{"start":{"line":38,"column":32},"end":{"line":40,"column":18}}},"5":{"name":"(anonymous_5)","decl":{"start":{"line":39,"column":48},"end":{"line":39,"column":49}},"loc":{"start":{"line":39,"column":55},"end":{"line":39,"column":66}}},"6":{"name":"(anonymous_6)","decl":{"start":{"line":45,"column":17},"end":{"line":45,"column":18}},"loc":{"start":{"line":45,"column":24},"end":{"line":49,"column":5}}},"7":{"name":"(anonymous_7)","decl":{"start":{"line":46,"column":12},"end":{"line":46,"column":13}},"loc":{"start":{"line":46,"column":24},"end":{"line":48,"column":10}}},"8":{"name":"(anonymous_8)","decl":{"start":{"line":47,"column":40},"end":{"line":47,"column":41}},"loc":{"start":{"line":47,"column":47},"end":{"line":47,"column":58}}},"9":{"name":"(anonymous_9)","decl":{"start":{"line":51,"column":13},"end":{"line":51,"column":14}},"loc":{"start":{"line":51,"column":35},"end":{"line":53,"column":5}}},"10":{"name":"(anonymous_10)","decl":{"start":{"line":55,"column":11},"end":{"line":55,"column":12}},"loc":{"start":{"line":55,"column":33},"end":{"line":57,"column":5}}},"11":{"name":"(anonymous_11)","decl":{"start":{"line":59,"column":10},"end":{"line":59,"column":11}},"loc":{"start":{"line":59,"column":32},"end":{"line":61,"column":5}}},"12":{"name":"(anonymous_12)","decl":{"start":{"line":63,"column":13},"end":{"line":63,"column":14}},"loc":{"start":{"line":63,"column":35},"end":{"line":65,"column":5}}}},"branchMap":{"0":{"loc":{"start":{"line":27,"column":30},"end":{"line":27,"column":45}},"type":"default-arg","locations":[{"start":{"line":27,"column":41},"end":{"line":27,"column":45}}]},"1":{"loc":{"start":{"line":36,"column":8},"end":{"line":42,"column":9}},"type":"if","locations":[{"start":{"line":36,"column":8},"end":{"line":42,"column":9}},{"start":{},"end":{}}]}},"s":{"0":4,"1":4,"2":4,"3":0,"4":0,"5":0,"6":0,"7":0,"8":0,"9":0,"10":0,"11":0,"12":0,"13":0,"14":0,"15":0,"16":0,"17":0,"18":0},"f":{"0":4,"1":0,"2":0,"3":0,"4":0,"5":0,"6":0,"7":0,"8":0,"9":0,"10":0,"11":0,"12":0},"b":{"0":[0],"1":[0,0]}}
,"/home/letser/dev/plotplay/frontend/src/services/gameApi.ts": {"path":"/home/letser/dev/plotplay/frontend/src/services/gameApi.ts","statementMap":{"0":{"start":{"line":1,"column":0},"end":{"line":1,"column":26}},"1":{"start":{"line":3,"column":17},"end":{"line":3,"column":23}},"2":{"start":{"line":186,"column":25},"end":{"line":186,"column":65}},"3":{"start":{"line":187,"column":8},"end":{"line":187,"column":35}},"4":{"start":{"line":191,"column":25},"end":{"line":191,"column":88}},"5":{"start":{"line":192,"column":8},"end":{"line":192,"column":29}},"6":{"start":{"line":204,"column":25},"end":{"line":211,"column":10}},"7":{"start":{"line":212,"column":8},"end":{"line":212,"column":29}},"8":{"start":{"line":216,"column":25},"end":{"line":216,"column":88}},"9":{"start":{"line":217,"column":8},"end":{"line":217,"column":29}},"10":{"start":{"line":221,"column":25},"end":{"line":227,"column":10}},"11":{"start":{"line":228,"column":8},"end":{"line":228,"column":29}},"12":{"start":{"line":232,"column":25},"end":{"line":238,"column":10}},"13":{"start":{"line":239,"column":8},"end":{"line":239,"column":29}},"14":{"start":{"line":243,"column":25},"end":{"line":247,"column":10}},"15":{"start":{"line":248,"column":8},"end":{"line":248,"column":29}},"16":{"start":{"line":252,"column":25},"end":{"line":256,"column":10}},"17":{"start":{"line":257,"column":8},"end":{"line":257,"column":29}},"18":{"start":{"line":261,"column":25},"end":{"line":266,"column":10}},"19":{"start":{"line":267,"column":8},"end":{"line":267,"column":29}},"20":{"start":{"line":271,"column":25},"end":{"line":271,"column":87}},"21":{"start":{"line":272,"column":8},"end":{"line":272,"column":29}},"22":{"start":{"line":276,"column":25},"end":{"line":276,"column":94}},"23":{"start":{"line":277,"column":8},"end":{"line":277,"column":29}},"24":{"start":{"line":281,"column":13},"end":{"line":281,"column":37}}},"fnMap":{"0":{"name":"(anonymous_0)","decl":{"start":{"line":185,"column":4},"end":{"line":185,"column":9}},"loc":{"start":{"line":185,"column":19},"end":{"line":188,"column":5}}},"1":{"name":"(anonymous_1)","decl":{"start":{"line":190,"column":4},"end":{"line":190,"column":9}},"loc":{"start":{"line":190,"column":34},"end":{"line":193,"column":5}}},"2":{"name":"(anonymous_2)","decl":{"start":{"line":195,"column":4},"end":{"line":195,"column":9}},"loc":{"start":{"line":202,"column":38},"end":{"line":213,"column":5}}},"3":{"name":"(anonymous_3)","decl":{"start":{"line":215,"column":4},"end":{"line":215,"column":9}},"loc":{"start":{"line":215,"column":58},"end":{"line":218,"column":5}}},"4":{"name":"(anonymous_4)","decl":{"start":{"line":220,"column":4},"end":{"line":220,"column":9}},"loc":{"start":{"line":220,"column":98},"end":{"line":229,"column":5}}},"5":{"name":"(anonymous_5)","decl":{"start":{"line":231,"column":4},"end":{"line":231,"column":9}},"loc":{"start":{"line":231,"column":93},"end":{"line":240,"column":5}}},"6":{"name":"(anonymous_6)","decl":{"start":{"line":242,"column":4},"end":{"line":242,"column":9}},"loc":{"start":{"line":242,"column":83},"end":{"line":249,"column":5}}},"7":{"name":"(anonymous_7)","decl":{"start":{"line":251,"column":4},"end":{"line":251,"column":9}},"loc":{"start":{"line":251,"column":83},"end":{"line":258,"column":5}}},"8":{"name":"(anonymous_8)","decl":{"start":{"line":260,"column":4},"end":{"line":260,"column":9}},"loc":{"start":{"line":260,"column":102},"end":{"line":268,"column":5}}},"9":{"name":"(anonymous_9)","decl":{"start":{"line":270,"column":4},"end":{"line":270,"column":9}},"loc":{"start":{"line":270,"column":36},"end":{"line":273,"column":5}}},"10":{"name":"(anonymous_10)","decl":{"start":{"line":275,"column":4},"end":{"line":275,"column":9}},"loc":{"start":{"line":275,"column":50},"end":{"line":278,"column":5}}}},"branchMap":{"0":{"loc":{"start":{"line":210,"column":21},"end":{"line":210,"column":45}},"type":"binary-expr","locations":[{"start":{"line":210,"column":21},"end":{"line":210,"column":36}},{"start":{"line":210,"column":40},"end":{"line":210,"column":45}}]},"1":{"loc":{"start":{"line":220,"column":54},"end":{"line":220,"column":63}},"type":"default-arg","locations":[{"start":{"line":220,"column":62},"end":{"line":220,"column":63}}]},"2":{"loc":{"start":{"line":231,"column":50},"end":{"line":231,"column":59}},"type":"default-arg","locations":[{"start":{"line":231,"column":58},"end":{"line":231,"column":59}}]},"3":{"loc":{"start":{"line":242,"column":54},"end":{"line":242,"column":63}},"type":"default-arg","locations":[{"start":{"line":242,"column":62},"end":{"line":242,"column":63}}]},"4":{"loc":{"start":{"line":242,"column":65},"end":{"line":242,"column":83}},"type":"default-arg","locations":[{"start":{"line":242,"column":75},"end":{"line":242,"column":83}}]},"5":{"loc":{"start":{"line":251,"column":54},"end":{"line":251,"column":63}},"type":"default-arg","locations":[{"start":{"line":251,"column":62},"end":{"line":251,"column":63}}]},"6":{"loc":{"start":{"line":251,"column":65},"end":{"line":251,"column":83}},"type":"default-arg","locations":[{"start":{"line":251,"column":75},"end":{"line":251,"column":83}}]},"7":{"loc":{"start":{"line":260,"column":72},"end":{"line":260,"column":81}},"type":"default-arg","locations":[{"start":{"line":260,"column":80},"end":{"line":260,"column":81}}]},"8":{"loc":{"start":{"line":260,"column":83},"end":{"line":260,"column":102}},"type":"default-arg","locations":[{"start":{"line":260,"column":94},"end":{"line":260,"column":102}}]}},"s":{"0":3,"1":3,"2":0,"3":0,"4":0,"5":0,"6":0,"7":0,"8":0,"9":0,"10":0,"11":0,"12":0,"13":0,"14":0,"15":0,"16":0,"17":0,"18":0,"19":0,"20":0,"21":0,"22":0,"23":0,"24":3},"f":{"0":0,"1":0,"2":0,"3":0,"4":0,"5":0,"6":0,"7":0,"8":0,"9":0,"10":0},"b":{"0":[0,0],"1":[0],"2":[0],"3":[0],"4":[0],"5":[0],"6":[0],"7":[0],"8":[0]}}
,"/home/letser/dev/plotplay/frontend/src/stores/gameStore.ts": {"path":"/home/letser/dev/plotplay/frontend/src/stores/gameStore.ts","statementMap":{"0":{"start":{"line":1,"column":0},"end":{"line":1,"column":33}},"1":{"start":{"line":2,"column":0},"end":{"line":2,"column":null}},"2":{"start":{"line":10,"column":0},"end":{"line":10,"column":92}},"3":{"start":{"line":11,"column":0},"end":{"line":11,"column":45}},"4":{"start":{"line":13,"column":24},"end":{"line":13,"column":42}},"5":{"start":{"line":60,"column":23},"end":{"line":76,"column":1}},"6":{"start":{"line":66,"column":24},"end":{"line":66,"column":95}},"7":{"start":{"line":68,"column":8},"end":{"line":68,"column":74}},"8":{"start":{"line":69,"column":4},"end":{"line":75,"column":6}},"9":{"start":{"line":78,"column":34},"end":{"line":84,"column":1}},"10":{"start":{"line":79,"column":4},"end":{"line":79,"column":35}},"11":{"start":{"line":79,"column":18},"end":{"line":79,"column":35}},"12":{"start":{"line":80,"column":4},"end":{"line":82,"column":5}},"13":{"start":{"line":81,"column":8},"end":{"line":81,"column":47}},"14":{"start":{"line":83,"column":4},"end":{"line":83,"column":21}},"15":{"start":{"line":86,"column":13},"end":{"line":424,"column":4}},"16":{"start":{"line":86,"column":61},"end":{"line":424,"column":2}},"17":{"start":{"line":99,"column":8},"end":{"line":99,"column":44}},"18":{"start":{"line":100,"column":8},"end":{"line":108,"column":9}},"19":{"start":{"line":101,"column":26},"end":{"line":101,"column":51}},"20":{"start":{"line":102,"column":12},"end":{"line":102,"column":43}},"21":{"start":{"line":104,"column":12},"end":{"line":104,"column":33}},"22":{"start":{"line":105,"column":29},"end":{"line":105,"column":51}},"23":{"start":{"line":106,"column":12},"end":{"line":106,"column":48}},"24":{"start":{"line":107,"column":12},"end":{"line":107,"column":53}},"25":{"start":{"line":112,"column":8},"end":{"line":112,"column":44}},"26":{"start":{"line":113,"column":8},"end":{"line":144,"column":9}},"27":{"start":{"line":114,"column":29},"end":{"line":114,"column":60}},"28":{"start":{"line":115,"column":25},"end":{"line":115,"column":71}},"29":{"start":{"line":115,"column":47},"end":{"line":115,"column":62}},"30":{"start":{"line":116,"column":30},"end":{"line":120,"column":null}},"31":{"start":{"line":123,"column":12},"end":{"line":131,"column":15}},"32":{"start":{"line":134,"column":12},"end":{"line":136,"column":13}},"33":{"start":{"line":135,"column":16},"end":{"line":135,"column":69}},"34":{"start":{"line":138,"column":12},"end":{"line":138,"column":70}},"35":{"start":{"line":140,"column":12},"end":{"line":140,"column":33}},"36":{"start":{"line":141,"column":29},"end":{"line":141,"column":51}},"37":{"start":{"line":142,"column":12},"end":{"line":142,"column":48}},"38":{"start":{"line":143,"column":12},"end":{"line":143,"column":53}},"39":{"start":{"line":155,"column":26},"end":{"line":155,"column":41}},"40":{"start":{"line":156,"column":8},"end":{"line":156,"column":31}},"41":{"start":{"line":156,"column":24},"end":{"line":156,"column":31}},"42":{"start":{"line":158,"column":8},"end":{"line":158,"column":44}},"43":{"start":{"line":159,"column":8},"end":{"line":188,"column":9}},"44":{"start":{"line":160,"column":29},"end":{"line":167,"column":null}},"45":{"start":{"line":170,"column":12},"end":{"line":182,"column":15}},"46":{"start":{"line":171,"column":33},"end":{"line":171,"column":54}},"47":{"start":{"line":172,"column":43},"end":{"line":172,"column":83}},"48":{"start":{"line":173,"column":34},"end":{"line":173,"column":111}},"49":{"start":{"line":175,"column":16},"end":{"line":181,"column":18}},"50":{"start":{"line":184,"column":12},"end":{"line":184,"column":33}},"51":{"start":{"line":185,"column":29},"end":{"line":185,"column":52}},"52":{"start":{"line":186,"column":12},"end":{"line":186,"column":48}},"53":{"start":{"line":187,"column":12},"end":{"line":187,"column":53}},"54":{"start":{"line":192,"column":26},"end":{"line":192,"column":41}},"55":{"start":{"line":193,"column":8},"end":{"line":193,"column":31}},"56":{"start":{"line":193,"column":24},"end":{"line":193,"column":31}},"57":{"start":{"line":195,"column":41},"end":{"line":195,"column":43}},"58":{"start":{"line":196,"column":8},"end":{"line":202,"column":9}},"59":{"start":{"line":197,"column":12},"end":{"line":197,"column":59}},"60":{"start":{"line":198,"column":15},"end":{"line":202,"column":9}},"61":{"start":{"line":199,"column":12},"end":{"line":199,"column":52}},"62":{"start":{"line":200,"column":15},"end":{"line":202,"column":9}},"63":{"start":{"line":201,"column":12},"end":{"line":201,"column":55}},"64":{"start":{"line":205,"column":8},"end":{"line":210,"column":9}},"65":{"start":{"line":206,"column":27},"end":{"line":206,"column":69}},"66":{"start":{"line":206,"column":51},"end":{"line":206,"column":68}},"67":{"start":{"line":207,"column":25},"end":{"line":207,"column":43}},"68":{"start":{"line":208,"column":12},"end":{"line":208,"column":125}},"69":{"start":{"line":209,"column":12},"end":{"line":209,"column":19}},"70":{"start":{"line":213,"column":25},"end":{"line":213,"column":46}},"71":{"start":{"line":214,"column":28},"end":{"line":214,"column":108}},"72":{"start":{"line":215,"column":32},"end":{"line":215,"column":117}},"73":{"start":{"line":217,"column":8},"end":{"line":221,"column":12}},"74":{"start":{"line":217,"column":22},"end":{"line":221,"column":10}},"75":{"start":{"line":223,"column":8},"end":{"line":250,"column":9}},"76":{"start":{"line":224,"column":29},"end":{"line":224,"column":67}},"77":{"start":{"line":226,"column":12},"end":{"line":237,"column":15}},"78":{"start":{"line":227,"column":34},"end":{"line":227,"column":118}},"79":{"start":{"line":228,"column":39},"end":{"line":228,"column":99}},"80":{"start":{"line":230,"column":16},"end":{"line":236,"column":18}},"81":{"start":{"line":239,"column":12},"end":{"line":239,"column":64}},"82":{"start":{"line":241,"column":12},"end":{"line":241,"column":33}},"83":{"start":{"line":242,"column":29},"end":{"line":242,"column":45}},"84":{"start":{"line":243,"column":12},"end":{"line":243,"column":48}},"85":{"start":{"line":245,"column":12},"end":{"line":249,"column":16}},"86":{"start":{"line":245,"column":26},"end":{"line":249,"column":14}},"87":{"start":{"line":254,"column":26},"end":{"line":254,"column":41}},"88":{"start":{"line":255,"column":8},"end":{"line":255,"column":31}},"89":{"start":{"line":255,"column":24},"end":{"line":255,"column":31}},"90":{"start":{"line":257,"column":8},"end":{"line":257,"column":44}},"91":{"start":{"line":258,"column":8},"end":{"line":275,"column":9}},"92":{"start":{"line":259,"column":29},"end":{"line":259,"column":94}},"93":{"start":{"line":260,"column":12},"end":{"line":271,"column":15}},"94":{"start":{"line":261,"column":33},"end":{"line":261,"column":54}},"95":{"start":{"line":262,"column":30},"end":{"line":262,"column":114}},"96":{"start":{"line":264,"column":16},"end":{"line":270,"column":18}},"97":{"start":{"line":273,"column":12},"end":{"line":273,"column":33}},"98":{"start":{"line":274,"column":12},"end":{"line":274,"column":62}},"99":{"start":{"line":279,"column":26},"end":{"line":279,"column":41}},"100":{"start":{"line":280,"column":8},"end":{"line":280,"column":31}},"101":{"start":{"line":280,"column":24},"end":{"line":280,"column":31}},"102":{"start":{"line":282,"column":8},"end":{"line":282,"column":44}},"103":{"start":{"line":283,"column":8},"end":{"line":300,"column":9}},"104":{"start":{"line":284,"column":29},"end":{"line":284,"column":89}},"105":{"start":{"line":285,"column":12},"end":{"line":296,"column":15}},"106":{"start":{"line":286,"column":33},"end":{"line":286,"column":54}},"107":{"start":{"line":287,"column":30},"end":{"line":287,"column":114}},"108":{"start":{"line":289,"column":16},"end":{"line":295,"column":18}},"109":{"start":{"line":298,"column":12},"end":{"line":298,"column":33}},"110":{"start":{"line":299,"column":12},"end":{"line":299,"column":58}},"111":{"start":{"line":304,"column":26},"end":{"line":304,"column":41}},"112":{"start":{"line":305,"column":8},"end":{"line":305,"column":31}},"113":{"start":{"line":305,"column":24},"end":{"line":305,"column":31}},"114":{"start":{"line":307,"column":8},"end":{"line":307,"column":44}},"115":{"start":{"line":308,"column":8},"end":{"line":314,"column":9}},"116":{"start":{"line":309,"column":29},"end":{"line":309,"column":86}},"117":{"start":{"line":310,"column":12},"end":{"line":310,"column":82}},"118":{"start":{"line":310,"column":38},"end":{"line":310,"column":80}},"119":{"start":{"line":312,"column":12},"end":{"line":312,"column":33}},"120":{"start":{"line":313,"column":12},"end":{"line":313,"column":66}},"121":{"start":{"line":318,"column":26},"end":{"line":318,"column":41}},"122":{"start":{"line":319,"column":8},"end":{"line":319,"column":31}},"123":{"start":{"line":319,"column":24},"end":{"line":319,"column":31}},"124":{"start":{"line":321,"column":8},"end":{"line":321,"column":44}},"125":{"start":{"line":322,"column":8},"end":{"line":328,"column":9}},"126":{"start":{"line":323,"column":29},"end":{"line":323,"column":86}},"127":{"start":{"line":324,"column":12},"end":{"line":324,"column":82}},"128":{"start":{"line":324,"column":38},"end":{"line":324,"column":80}},"129":{"start":{"line":326,"column":12},"end":{"line":326,"column":33}},"130":{"start":{"line":327,"column":12},"end":{"line":327,"column":66}},"131":{"start":{"line":332,"column":26},"end":{"line":332,"column":41}},"132":{"start":{"line":333,"column":8},"end":{"line":333,"column":31}},"133":{"start":{"line":333,"column":24},"end":{"line":333,"column":31}},"134":{"start":{"line":335,"column":8},"end":{"line":335,"column":44}},"135":{"start":{"line":336,"column":8},"end":{"line":342,"column":9}},"136":{"start":{"line":337,"column":29},"end":{"line":337,"column":97}},"137":{"start":{"line":338,"column":12},"end":{"line":338,"column":82}},"138":{"start":{"line":338,"column":38},"end":{"line":338,"column":80}},"139":{"start":{"line":340,"column":12},"end":{"line":340,"column":33}},"140":{"start":{"line":341,"column":12},"end":{"line":341,"column":66}},"141":{"start":{"line":347,"column":8},"end":{"line":347,"column":52}},"142":{"start":{"line":351,"column":8},"end":{"line":351,"column":62}},"143":{"start":{"line":351,"column":22},"end":{"line":351,"column":59}},"144":{"start":{"line":356,"column":8},"end":{"line":356,"column":23}},"145":{"start":{"line":358,"column":8},"end":{"line":365,"column":11}},"146":{"start":{"line":369,"column":8},"end":{"line":369,"column":34}},"147":{"start":{"line":373,"column":23},"end":{"line":373,"column":36}},"148":{"start":{"line":374,"column":8},"end":{"line":377,"column":9}},"149":{"start":{"line":375,"column":12},"end":{"line":375,"column":53}},"150":{"start":{"line":376,"column":12},"end":{"line":376,"column":19}},"151":{"start":{"line":379,"column":8},"end":{"line":379,"column":44}},"152":{"start":{"line":380,"column":8},"end":{"line":422,"column":9}},"153":{"start":{"line":382,"column":34},"end":{"line":382,"column":74}},"154":{"start":{"line":385,"column":26},"end":{"line":385,"column":37}},"155":{"start":{"line":386,"column":12},"end":{"line":388,"column":13}},"156":{"start":{"line":387,"column":16},"end":{"line":387,"column":40}},"157":{"start":{"line":389,"column":25},"end":{"line":395,"column":14}},"158":{"start":{"line":389,"column":47},"end":{"line":389,"column":69}},"159":{"start":{"line":398,"column":28},"end":{"line":398,"column":55}},"160":{"start":{"line":399,"column":44},"end":{"line":405,"column":15}},"161":{"start":{"line":399,"column":79},"end":{"line":405,"column":14}},"162":{"start":{"line":409,"column":12},"end":{"line":417,"column":15}},"163":{"start":{"line":419,"column":12},"end":{"line":419,"column":63}},"164":{"start":{"line":420,"column":12},"end":{"line":420,"column":27}},"165":{"start":{"line":421,"column":12},"end":{"line":421,"column":72}},"166":{"start":{"line":426,"column":34},"end":{"line":437,"column":1}},"167":{"start":{"line":427,"column":21},"end":{"line":427,"column":42}},"168":{"start":{"line":428,"column":22},"end":{"line":428,"column":106}},"169":{"start":{"line":430,"column":4},"end":{"line":436,"column":6}}},"fnMap":{"0":{"name":"(anonymous_0)","decl":{"start":{"line":60,"column":23},"end":{"line":60,"column":null}},"loc":{"start":{"line":65,"column":18},"end":{"line":76,"column":1}}},"1":{"name":"(anonymous_1)","decl":{"start":{"line":78,"column":34},"end":{"line":78,"column":35}},"loc":{"start":{"line":78,"column":98},"end":{"line":84,"column":1}}},"2":{"name":"(anonymous_2)","decl":{"start":{"line":86,"column":46},"end":{"line":86,"column":47}},"loc":{"start":{"line":86,"column":61},"end":{"line":424,"column":2}}},"3":{"name":"(anonymous_3)","decl":{"start":{"line":98,"column":15},"end":{"line":98,"column":20}},"loc":{"start":{"line":98,"column":26},"end":{"line":109,"column":5}}},"4":{"name":"(anonymous_4)","decl":{"start":{"line":111,"column":15},"end":{"line":111,"column":20}},"loc":{"start":{"line":111,"column":40},"end":{"line":145,"column":5}}},"5":{"name":"(anonymous_5)","decl":{"start":{"line":115,"column":42},"end":{"line":115,"column":43}},"loc":{"start":{"line":115,"column":47},"end":{"line":115,"column":62}}},"6":{"name":"(anonymous_6)","decl":{"start":{"line":147,"column":16},"end":{"line":147,"column":21}},"loc":{"start":{"line":154,"column":8},"end":{"line":189,"column":5}}},"7":{"name":"(anonymous_7)","decl":{"start":{"line":170,"column":16},"end":{"line":170,"column":21}},"loc":{"start":{"line":170,"column":24},"end":{"line":182,"column":13}}},"8":{"name":"(anonymous_8)","decl":{"start":{"line":191,"column":21},"end":{"line":191,"column":26}},"loc":{"start":{"line":191,"column":48},"end":{"line":251,"column":5}}},"9":{"name":"(anonymous_9)","decl":{"start":{"line":206,"column":46},"end":{"line":206,"column":47}},"loc":{"start":{"line":206,"column":51},"end":{"line":206,"column":68}}},"10":{"name":"(anonymous_10)","decl":{"start":{"line":217,"column":12},"end":{"line":217,"column":17}},"loc":{"start":{"line":217,"column":22},"end":{"line":221,"column":10}}},"11":{"name":"(anonymous_11)","decl":{"start":{"line":226,"column":16},"end":{"line":226,"column":21}},"loc":{"start":{"line":226,"column":24},"end":{"line":237,"column":13}}},"12":{"name":"(anonymous_12)","decl":{"start":{"line":245,"column":16},"end":{"line":245,"column":21}},"loc":{"start":{"line":245,"column":26},"end":{"line":249,"column":14}}},"13":{"name":"(anonymous_13)","decl":{"start":{"line":253,"column":18},"end":{"line":253,"column":23}},"loc":{"start":{"line":253,"column":63},"end":{"line":276,"column":5}}},"14":{"name":"(anonymous_14)","decl":{"start":{"line":260,"column":16},"end":{"line":260,"column":21}},"loc":{"start":{"line":260,"column":24},"end":{"line":271,"column":13}}},"15":{"name":"(anonymous_15)","decl":{"start":{"line":278,"column":14},"end":{"line":278,"column":19}},"loc":{"start":{"line":278,"column":58},"end":{"line":301,"column":5}}},"16":{"name":"(anonymous_16)","decl":{"start":{"line":285,"column":16},"end":{"line":285,"column":21}},"loc":{"start":{"line":285,"column":24},"end":{"line":296,"column":13}}},"17":{"name":"(anonymous_17)","decl":{"start":{"line":303,"column":14},"end":{"line":303,"column":19}},"loc":{"start":{"line":303,"column":62},"end":{"line":315,"column":5}}},"18":{"name":"(anonymous_18)","decl":{"start":{"line":310,"column":16},"end":{"line":310,"column":17}},"loc":{"start":{"line":310,"column":38},"end":{"line":310,"column":80}}},"19":{"name":"(anonymous_19)","decl":{"start":{"line":317,"column":14},"end":{"line":317,"column":19}},"loc":{"start":{"line":317,"column":62},"end":{"line":329,"column":5}}},"20":{"name":"(anonymous_20)","decl":{"start":{"line":324,"column":16},"end":{"line":324,"column":17}},"loc":{"start":{"line":324,"column":38},"end":{"line":324,"column":80}}},"21":{"name":"(anonymous_21)","decl":{"start":{"line":331,"column":14},"end":{"line":331,"column":19}},"loc":{"start":{"line":331,"column":73},"end":{"line":343,"column":5}}},"22":{"name":"(anonymous_22)","decl":{"start":{"line":338,"column":16},"end":{"line":338,"column":17}},"loc":{"start":{"line":338,"column":38},"end":{"line":338,"column":80}}},"23":{"name":"(anonymous_23)","decl":{"start":{"line":346,"column":36},"end":{"line":346,"column":37}},"loc":{"start":{"line":346,"column":55},"end":{"line":348,"column":5}}},"24":{"name":"(anonymous_24)","decl":{"start":{"line":350,"column":18},"end":{"line":350,"column":21}},"loc":{"start":{"line":350,"column":23},"end":{"line":352,"column":5}}},"25":{"name":"(anonymous_25)","decl":{"start":{"line":351,"column":12},"end":{"line":351,"column":17}},"loc":{"start":{"line":351,"column":22},"end":{"line":351,"column":59}}},"26":{"name":"(anonymous_26)","decl":{"start":{"line":354,"column":15},"end":{"line":354,"column":18}},"loc":{"start":{"line":354,"column":20},"end":{"line":366,"column":5}}},"27":{"name":"(anonymous_27)","decl":{"start":{"line":368,"column":22},"end":{"line":368,"column":25}},"loc":{"start":{"line":368,"column":27},"end":{"line":370,"column":5}}},"28":{"name":"(anonymous_28)","decl":{"start":{"line":372,"column":20},"end":{"line":372,"column":25}},"loc":{"start":{"line":372,"column":31},"end":{"line":423,"column":5}}},"29":{"name":"(anonymous_29)","decl":{"start":{"line":389,"column":42},"end":{"line":389,"column":43}},"loc":{"start":{"line":389,"column":47},"end":{"line":389,"column":69}}},"30":{"name":"(anonymous_30)","decl":{"start":{"line":399,"column":56},"end":{"line":399,"column":57}},"loc":{"start":{"line":399,"column":79},"end":{"line":405,"column":14}}},"31":{"name":"(anonymous_31)","decl":{"start":{"line":426,"column":34},"end":{"line":426,"column":35}},"loc":{"start":{"line":426,"column":94},"end":{"line":437,"column":1}}}},"branchMap":{"0":{"loc":{"start":{"line":66,"column":24},"end":{"line":66,"column":95}},"type":"cond-expr","locations":[{"start":{"line":66,"column":63},"end":{"line":66,"column":77}},{"start":{"line":66,"column":80},"end":{"line":66,"column":95}}]},"1":{"loc":{"start":{"line":66,"column":24},"end":{"line":66,"column":60}},"type":"binary-expr","locations":[{"start":{"line":66,"column":24},"end":{"line":66,"column":31}},{"start":{"line":66,"column":35},"end":{"line":66,"column":60}}]},"2":{"loc":{"start":{"line":68,"column":8},"end":{"line":68,"column":74}},"type":"cond-expr","locations":[{"start":{"line":68,"column":51},"end":{"line":68,"column":60}},{"start":{"line":68,"column":63},"end":{"line":68,"column":74}}]},"3":{"loc":{"start":{"line":68,"column":8},"end":{"line":68,"column":48}},"type":"binary-expr","locations":[{"start":{"line":68,"column":8},"end":{"line":68,"column":17}},{"start":{"line":68,"column":21},"end":{"line":68,"column":48}}]},"4":{"loc":{"start":{"line":79,"column":4},"end":{"line":79,"column":35}},"type":"if","locations":[{"start":{"line":79,"column":4},"end":{"line":79,"column":35}},{"start":{},"end":{}}]},"5":{"loc":{"start":{"line":80,"column":4},"end":{"line":82,"column":5}},"type":"if","locations":[{"start":{"line":80,"column":4},"end":{"line":82,"column":5}},{"start":{},"end":{}}]},"6":{"loc":{"start":{"line":115,"column":25},"end":{"line":115,"column":71}},"type":"binary-expr","locations":[{"start":{"line":115,"column":25},"end":{"line":115,"column":63}},{"start":{"line":115,"column":67},"end":{"line":115,"column":71}}]},"7":{"loc":{"start":{"line":134,"column":12},"end":{"line":136,"column":13}},"type":"if","locations":[{"start":{"line":134,"column":12},"end":{"line":136,"column":13}},{"start":{},"end":{}}]},"8":{"loc":{"start":{"line":156,"column":8},"end":{"line":156,"column":31}},"type":"if","locations":[{"start":{"line":156,"column":8},"end":{"line":156,"column":31}},{"start":{},"end":{}}]},"9":{"loc":{"start":{"line":172,"column":43},"end":{"line":172,"column":83}},"type":"cond-expr","locations":[{"start":{"line":172,"column":61},"end":{"line":172,"column":76}},{"start":{"line":172,"column":79},"end":{"line":172,"column":83}}]},"10":{"loc":{"start":{"line":193,"column":8},"end":{"line":193,"column":31}},"type":"if","locations":[{"start":{"line":193,"column":8},"end":{"line":193,"column":31}},{"start":{},"end":{}}]},"11":{"loc":{"start":{"line":196,"column":8},"end":{"line":202,"column":9}},"type":"if","locations":[{"start":{"line":196,"column":8},"end":{"line":202,"column":9}},{"start":{"line":198,"column":15},"end":{"line":202,"column":9}}]},"12":{"loc":{"start":{"line":198,"column":15},"end":{"line":202,"column":9}},"type":"if","locations":[{"start":{"line":198,"column":15},"end":{"line":202,"column":9}},{"start":{"line":200,"column":15},"end":{"line":202,"column":9}}]},"13":{"loc":{"start":{"line":200,"column":15},"end":{"line":202,"column":9}},"type":"if","locations":[{"start":{"line":200,"column":15},"end":{"line":202,"column":9}},{"start":{},"end":{}}]},"14":{"loc":{"start":{"line":205,"column":8},"end":{"line":210,"column":9}},"type":"if","locations":[{"start":{"line":205,"column":8},"end":{"line":210,"column":9}},{"start":{},"end":{}}]},"15":{"loc":{"start":{"line":205,"column":12},"end":{"line":205,"column":77}},"type":"binary-expr","locations":[{"start":{"line":205,"column":12},"end":{"line":205,"column":35}},{"start":{"line":205,"column":39},"end":{"line":205,"column":55}},{"start":{"line":205,"column":59},"end":{"line":205,"column":77}}]},"16":{"loc":{"start":{"line":207,"column":25},"end":{"line":207,"column":43}},"type":"binary-expr","locations":[{"start":{"line":207,"column":25},"end":{"line":207,"column":37}},{"start":{"line":207,"column":41},"end":{"line":207,"column":43}}]},"17":{"loc":{"start":{"line":214,"column":28},"end":{"line":214,"column":108}},"type":"binary-expr","locations":[{"start":{"line":214,"column":28},"end":{"line":214,"column":50}},{"start":{"line":214,"column":54},"end":{"line":214,"column":69}},{"start":{"line":214,"column":73},"end":{"line":214,"column":90}},{"start":{"line":214,"column":94},"end":{"line":214,"column":108}}]},"18":{"loc":{"start":{"line":228,"column":39},"end":{"line":228,"column":99}},"type":"binary-expr","locations":[{"start":{"line":228,"column":39},"end":{"line":228,"column":82}},{"start":{"line":228,"column":86},"end":{"line":228,"column":99}}]},"19":{"loc":{"start":{"line":253,"column":33},"end":{"line":253,"column":42}},"type":"default-arg","locations":[{"start":{"line":253,"column":41},"end":{"line":253,"column":42}}]},"20":{"loc":{"start":{"line":255,"column":8},"end":{"line":255,"column":31}},"type":"if","locations":[{"start":{"line":255,"column":8},"end":{"line":255,"column":31}},{"start":{},"end":{}}]},"21":{"loc":{"start":{"line":267,"column":29},"end":{"line":267,"column":89}},"type":"binary-expr","locations":[{"start":{"line":267,"column":29},"end":{"line":267,"column":72}},{"start":{"line":267,"column":76},"end":{"line":267,"column":89}}]},"22":{"loc":{"start":{"line":278,"column":29},"end":{"line":278,"column":38}},"type":"default-arg","locations":[{"start":{"line":278,"column":37},"end":{"line":278,"column":38}}]},"23":{"loc":{"start":{"line":280,"column":8},"end":{"line":280,"column":31}},"type":"if","locations":[{"start":{"line":280,"column":8},"end":{"line":280,"column":31}},{"start":{},"end":{}}]},"24":{"loc":{"start":{"line":292,"column":29},"end":{"line":292,"column":89}},"type":"binary-expr","locations":[{"start":{"line":292,"column":29},"end":{"line":292,"column":72}},{"start":{"line":292,"column":76},"end":{"line":292,"column":89}}]},"25":{"loc":{"start":{"line":303,"column":29},"end":{"line":303,"column":38}},"type":"default-arg","locations":[{"start":{"line":303,"column":37},"end":{"line":303,"column":38}}]},"26":{"loc":{"start":{"line":303,"column":40},"end":{"line":303,"column":58}},"type":"default-arg","locations":[{"start":{"line":303,"column":50},"end":{"line":303,"column":58}}]},"27":{"loc":{"start":{"line":305,"column":8},"end":{"line":305,"column":31}},"type":"if","locations":[{"start":{"line":305,"column":8},"end":{"line":305,"column":31}},{"start":{},"end":{}}]},"28":{"loc":{"start":{"line":317,"column":29},"end":{"line":317,"column":38}},"type":"default-arg","locations":[{"start":{"line":317,"column":37},"end":{"line":317,"column":38}}]},"29":{"loc":{"start":{"line":317,"column":40},"end":{"line":317,"column":58}},"type":"default-arg","locations":[{"start":{"line":317,"column":50},"end":{"line":317,"column":58}}]},"30":{"loc":{"start":{"line":319,"column":8},"end":{"line":319,"column":31}},"type":"if","locations":[{"start":{"line":319,"column":8},"end":{"line":319,"column":31}},{"start":{},"end":{}}]},"31":{"loc":{"start":{"line":331,"column":39},"end":{"line":331,"column":48}},"type":"default-arg","locations":[{"start":{"line":331,"column":47},"end":{"line":331,"column":48}}]},"32":{"loc":{"start":{"line":331,"column":50},"end":{"line":331,"column":69}},"type":"default-arg","locations":[{"start":{"line":331,"column":61},"end":{"line":331,"column":69}}]},"33":{"loc":{"start":{"line":333,"column":8},"end":{"line":333,"column":31}},"type":"if","locations":[{"start":{"line":333,"column":8},"end":{"line":333,"column":31}},{"start":{},"end":{}}]},"34":{"loc":{"start":{"line":374,"column":8},"end":{"line":377,"column":9}},"type":"if","locations":[{"start":{"line":374,"column":8},"end":{"line":377,"column":9}},{"start":{},"end":{}}]},"35":{"loc":{"start":{"line":386,"column":12},"end":{"line":388,"column":13}},"type":"if","locations":[{"start":{"line":386,"column":12},"end":{"line":388,"column":13}},{"start":{},"end":{}}]},"36":{"loc":{"start":{"line":389,"column":25},"end":{"line":395,"column":14}},"type":"binary-expr","locations":[{"start":{"line":389,"column":25},"end":{"line":389,"column":70}},{"start":{"line":389,"column":74},"end":{"line":395,"column":14}}]},"37":{"loc":{"start":{"line":398,"column":28},"end":{"line":398,"column":55}},"type":"binary-expr","locations":[{"start":{"line":398,"column":28},"end":{"line":398,"column":49}},{"start":{"line":398,"column":53},"end":{"line":398,"column":55}}]},"38":{"loc":{"start":{"line":412,"column":25},"end":{"line":412,"column":58}},"type":"cond-expr","locations":[{"start":{"line":412,"column":46},"end":{"line":412,"column":53}},{"start":{"line":412,"column":56},"end":{"line":412,"column":58}}]},"39":{"loc":{"start":{"line":433,"column":17},"end":{"line":433,"column":77}},"type":"binary-expr","locations":[{"start":{"line":433,"column":17},"end":{"line":433,"column":60}},{"start":{"line":433,"column":64},"end":{"line":433,"column":77}}]}},"s":{"0":3,"1":3,"2":3,"3":3,"4":3,"5":3,"6":0,"7":0,"8":0,"9":3,"10":0,"11":0,"12":0,"13":0,"14":0,"15":3,"16":3,"17":0,"18":0,"19":0,"20":0,"21":0,"22":0,"23":0,"24":0,"25":0,"26":0,"27":0,"28":0,"29":0,"30":0,"31":0,"32":0,"33":0,"34":0,"35":0,"36":0,"37":0,"38":0,"39":0,"40":0,"41":0,"42":0,"43":0,"44":0,"45":0,"46":0,"47":0,"48":0,"49":0,"50":0,"51":0,"52":0,"53":0,"54":0,"55":0,"56":0,"57":0,"58":0,"59":0,"60":0,"61":0,"62":0,"63":0,"64":0,"65":0,"66":0,"67":0,"68":0,"69":0,"70":0,"71":0,"72":0,"73":0,"74":0,"75":0,"76":0,"77":0,"78":0,"79":0,"80":0,"81":0,"82":0,"83":0,"84":0,"85":0,"86":0,"87":0,"88":0,"89":0,"90":0,"91":0,"92":0,"93":0,"94":0,"95":0,"96":0,"97":0,"98":0,"99":0,"100":0,"101":0,"102":0,"103":0,"104":0,"105":0,"106":0,"107":0,"108":0,"109":0,"110":0,"111":0,"112":0,"113":0,"114":0,"115":0,"116":0,"117":0,"118":0,"119":0,"120":0,"121":0,"122":0,"123":0,"124":0,"125":0,"126":0,"127":0,"128":0,"129":0,"130":0,"131":0,"132":0,"133":0,"134":0,"135":0,"136":0,"137":0,"138":0,"139":0,"140":0,"141":0,"142":0,"143":0,"144":0,"145":0,"146":0,"147":0,"148":0,"149":0,"150":0,"151":0,"152":0,"153":0,"154":0,"155":0,"156":0,"157":0,"158":0,"159":0,"160":0,"161":0,"162":0,"163":0,"164":0,"165":0,"166":3,"167":0,"168":0,"169":0},"f":{"0":0,"1":0,"2":3,"3":0,"4":0,"5":0,"6":0,"7":0,"8":0,"9":0,"10":0,"11":0,"12":0,"13":0,"14":0,"15":0,"16":0,"17":0,"18":0,"19":0,"20":0,"21":0,"22":0,"23":0,"24":0,"25":0,"26":0,"27":0,"28":0,"29":0,"30":0,"31":0},"b":{"0":[0,0],"1":[0,0],"2":[0,0],"3":[0,0],"4":[0,0],"5":[0,0],"6":[0,0],"7":[0,0],"8":[0,0],"9":[0,0],"10":[0,0],"11":[0,0],"12":[0,0],"13":[0,0],"14":[0,0],"15":[0,0,0],"16":[0,0],"17":[0,0,0,0],"18":[0,0],"19":[0],"20":[0,0],"21":[0,0],"22":[0],"23":[0,0],"24":[0,0],"25":[0],"26":[0],"27":[0,0],"28":[0],"29":[0],"30":[0,0],"31":[0],"32":[0],"33":[0,0],"34":[0,0],"35":[0,0],"36":[0,0],"37":[0,0],"38":[0,0],"39":[0,0]}}
,"/home/letser/dev/plotplay/frontend/src/tests/testUtils.tsx": {"path":"/home/letser/dev/plotplay/frontend/src/tests/testUtils.tsx","statementMap":{"0":{"start":{"line":6,"column":0},"end":{"line":6,"column":63}},"1":{"start":{"line":7,"column":0},"end":{"line":7,"column":51}},"2":{"start":{"line":13,"column":35},"end":{"line":117,"column":1}},"3":{"start":{"line":14,"column":4},"end":{"line":116,"column":6}},"4":{"start":{"line":13,"column":13},"end":{"line":13,"column":35}},"5":{"start":{"line":122,"column":34},"end":{"line":131,"column":1}},"6":{"start":{"line":123,"column":4},"end":{"line":130,"column":6}},"7":{"start":{"line":122,"column":13},"end":{"line":122,"column":34}},"8":{"start":{"line":136,"column":33},"end":{"line":149,"column":1}},"9":{"start":{"line":137,"column":4},"end":{"line":148,"column":6}},"10":{"start":{"line":136,"column":13},"end":{"line":136,"column":33}},"11":{"start":{"line":155,"column":30},"end":{"line":168,"column":1}},"12":{"start":{"line":156,"column":4},"end":{"line":167,"column":7}},"13":{"start":{"line":155,"column":13},"end":{"line":155,"column":30}},"14":{"start":{"line":173,"column":30},"end":{"line":195,"column":1}},"15":{"start":{"line":184,"column":8},"end":{"line":184,"column":21}},"16":{"start":{"line":186,"column":4},"end":{"line":194,"column":7}},"17":{"start":{"line":173,"column":13},"end":{"line":173,"column":30}},"18":{"start":{"line":200,"column":35},"end":{"line":205,"column":1}},"19":{"start":{"line":204,"column":4},"end":{"line":204,"column":38}},"20":{"start":{"line":200,"column":13},"end":{"line":200,"column":35}},"21":{"start":{"line":208,"column":0},"end":{"line":208,"column":39}}},"fnMap":{"0":{"name":"(anonymous_4)","decl":{"start":{"line":13,"column":35},"end":{"line":13,"column":36}},"loc":{"start":{"line":13,"column":81},"end":{"line":117,"column":1}}},"1":{"name":"(anonymous_5)","decl":{"start":{"line":122,"column":34},"end":{"line":122,"column":35}},"loc":{"start":{"line":122,"column":78},"end":{"line":131,"column":1}}},"2":{"name":"(anonymous_6)","decl":{"start":{"line":136,"column":33},"end":{"line":136,"column":50}},"loc":{"start":{"line":136,"column":52},"end":{"line":149,"column":1}}},"3":{"name":"(anonymous_7)","decl":{"start":{"line":155,"column":30},"end":{"line":155,"column":33}},"loc":{"start":{"line":155,"column":35},"end":{"line":168,"column":1}}},"4":{"name":"(anonymous_8)","decl":{"start":{"line":173,"column":30},"end":{"line":173,"column":31}},"loc":{"start":{"line":178,"column":5},"end":{"line":195,"column":1}}},"5":{"name":"(anonymous_9)","decl":{"start":{"line":200,"column":35},"end":{"line":200,"column":null}},"loc":{"start":{"line":203,"column":4},"end":{"line":205,"column":1}}}},"branchMap":{"0":{"loc":{"start":{"line":180,"column":8},"end":{"line":180,"column":37}},"type":"default-arg","locations":[{"start":{"line":180,"column":20},"end":{"line":180,"column":37}}]},"1":{"loc":{"start":{"line":181,"column":8},"end":{"line":181,"column":42}},"type":"default-arg","locations":[{"start":{"line":181,"column":22},"end":{"line":181,"column":42}}]},"2":{"loc":{"start":{"line":182,"column":8},"end":{"line":182,"column":41}},"type":"default-arg","locations":[{"start":{"line":182,"column":20},"end":{"line":182,"column":41}}]},"3":{"loc":{"start":{"line":183,"column":8},"end":{"line":183,"column":37}},"type":"default-arg","locations":[{"start":{"line":183,"column":18},"end":{"line":183,"column":37}}]},"4":{"loc":{"start":{"line":184,"column":8},"end":{"line":184,"column":21}},"type":"binary-expr","locations":[{"start":{"line":184,"column":8},"end":{"line":184,"column":15}},{"start":{"line":184,"column":19},"end":{"line":184,"column":21}}]}},"s":{"0":2,"1":2,"2":2,"3":29,"4":2,"5":2,"6":29,"7":2,"8":2,"9":42,"10":2,"11":2,"12":34,"13":2,"14":2,"15":29,"16":29,"17":2,"18":2,"19":16,"20":2,"21":2},"f":{"0":29,"1":29,"2":42,"3":34,"4":29,"5":16},"b":{"0":[29],"1":[29],"2":[16],"3":[29],"4":[29,16]}}
,"/home/letser/dev/plotplay/frontend/src/utils/index.ts": {"path":"/home/letser/dev/plotplay/frontend/src/utils/index.ts","statementMap":{"0":{"start":{"line":5,"column":0},"end":{"line":5,"column":9}},"1":{"start":{"line":5,"column":9},"end":{"line":5,"column":24}},"2":{"start":{"line":5,"column":24},"end":{"line":5,"column":41}},"3":{"start":{"line":5,"column":41},"end":{"line":5,"column":77}},"4":{"start":{"line":6,"column":0},"end":{"line":6,"column":9}},"5":{"start":{"line":6,"column":9},"end":{"line":6,"column":21}},"6":{"start":{"line":6,"column":21},"end":{"line":6,"column":34}},"7":{"start":{"line":6,"column":34},"end":{"line":6,"column":79}},"8":{"start":{"line":7,"column":0},"end":{"line":7,"column":9}},"9":{"start":{"line":7,"column":9},"end":{"line":7,"column":22}},"10":{"start":{"line":7,"column":22},"end":{"line":7,"column":36}},"11":{"start":{"line":7,"column":36},"end":{"line":7,"column":49}},"12":{"start":{"line":7,"column":49},"end":{"line":7,"column":85}}},"fnMap":{"0":{"name":"(anonymous_0)","decl":{"start":{"line":5,"column":9},"end":{"line":5,"column":22}},"loc":{"start":{"line":5,"column":9},"end":{"line":5,"column":24}}},"1":{"name":"(anonymous_1)","decl":{"start":{"line":5,"column":24},"end":{"line":5,"column":39}},"loc":{"start":{"line":5,"column":24},"end":{"line":5,"column":41}}},"2":{"name":"(anonymous_2)","decl":{"start":{"line":5,"column":41},"end":{"line":5,"column":54}},"loc":{"start":{"line":5,"column":41},"end":{"line":5,"column":77}}},"3":{"name":"(anonymous_3)","decl":{"start":{"line":6,"column":9},"end":{"line":6,"column":19}},"loc":{"start":{"line":6,"column":9},"end":{"line":6,"column":21}}},"4":{"name":"(anonymous_4)","decl":{"start":{"line":6,"column":21},"end":{"line":6,"column":32}},"loc":{"start":{"line":6,"column":21},"end":{"line":6,"column":34}}},"5":{"name":"(anonymous_5)","decl":{"start":{"line":6,"column":34},"end":{"line":6,"column":52}},"loc":{"start":{"line":6,"column":34},"end":{"line":6,"column":79}}},"6":{"name":"(anonymous_6)","decl":{"start":{"line":7,"column":9},"end":{"line":7,"column":20}},"loc":{"start":{"line":7,"column":9},"end":{"line":7,"column":22}}},"7":{"name":"(anonymous_7)","decl":{"start":{"line":7,"column":22},"end":{"line":7,"column":34}},"loc":{"start":{"line":7,"column":22},"end":{"line":7,"column":36}}},"8":{"name":"(anonymous_8)","decl":{"start":{"line":7,"column":36},"end":{"line":7,"column":47}},"loc":{"start":{"line":7,"column":36},"end":{"line":7,"column":49}}},"9":{"name":"(anonymous_9)","decl":{"start":{"line":7,"column":49},"end":{"line":7,"column":65}},"loc":{"start":{"line":7,"column":49},"end":{"line":7,"column":85}}}},"branchMap":{},"s":{"0":2,"1":13,"2":2,"3":8,"4":2,"5":8,"6":10,"7":7,"8":2,"9":2,"10":2,"11":2,"12":2},"f":{"0":11,"1":0,"2":6,"3":6,"4":8,"5":5,"6":0,"7":0,"8":0,"9":0},"b":{}}
,"/home/letser/dev/plotplay/frontend/src/utils/meterUtils.tsx": {"path":"/home/letser/dev/plotplay/frontend/src/utils/meterUtils.tsx","statementMap":{"0":{"start":{"line":10,"column":29},"end":{"line":21,"column":1}},"1":{"start":{"line":11,"column":43},"end":{"line":19,"column":6}},"2":{"start":{"line":20,"column":4},"end":{"line":20,"column":58}},"3":{"start":{"line":10,"column":13},"end":{"line":10,"column":29}},"4":{"start":{"line":27,"column":31},"end":{"line":32,"column":1}},"5":{"start":{"line":28,"column":4},"end":{"line":30,"column":5}},"6":{"start":{"line":29,"column":8},"end":{"line":29,"column":35}},"7":{"start":{"line":31,"column":4},"end":{"line":31,"column":39}},"8":{"start":{"line":27,"column":13},"end":{"line":27,"column":31}},"9":{"start":{"line":37,"column":29},"end":{"line":43,"column":1}},"10":{"start":{"line":38,"column":4},"end":{"line":42,"column":19}},"11":{"start":{"line":41,"column":21},"end":{"line":41,"column":65}},"12":{"start":{"line":37,"column":13},"end":{"line":37,"column":29}}},"fnMap":{"0":{"name":"(anonymous_0)","decl":{"start":{"line":10,"column":29},"end":{"line":10,"column":30}},"loc":{"start":{"line":10,"column":57},"end":{"line":21,"column":1}}},"1":{"name":"(anonymous_1)","decl":{"start":{"line":27,"column":31},"end":{"line":27,"column":32}},"loc":{"start":{"line":27,"column":66},"end":{"line":32,"column":1}}},"2":{"name":"(anonymous_2)","decl":{"start":{"line":37,"column":29},"end":{"line":37,"column":30}},"loc":{"start":{"line":37,"column":57},"end":{"line":43,"column":1}}},"3":{"name":"(anonymous_3)","decl":{"start":{"line":41,"column":13},"end":{"line":41,"column":17}},"loc":{"start":{"line":41,"column":21},"end":{"line":41,"column":65}}}},"branchMap":{"0":{"loc":{"start":{"line":20,"column":11},"end":{"line":20,"column":57}},"type":"binary-expr","locations":[{"start":{"line":20,"column":11},"end":{"line":20,"column":40}},{"start":{"line":20,"column":44},"end":{"line":20,"column":57}}]},"1":{"loc":{"start":{"line":28,"column":4},"end":{"line":30,"column":5}},"type":"if","locations":[{"start":{"line":28,"column":4},"end":{"line":30,"column":5}},{"start":{},"end":{}}]}},"s":{"0":2,"1":11,"2":11,"3":2,"4":2,"5":0,"6":0,"7":0,"8":2,"9":2,"10":6,"11":10,"12":2},"f":{"0":11,"1":0,"2":6,"3":10},"b":{"0":[11,2],"1":[0,0]}}
,"/home/letser/dev/plotplay/frontend/src/utils/storage.ts": {"path":"/home/letser/dev/plotplay/frontend/src/utils/storage.ts","statementMap":{"0":{"start":{"line":6,"column":20},"end":{"line":6,"column":38}},"1":{"start":{"line":7,"column":24},"end":{"line":7,"column":25}},"2":{"start":{"line":20,"column":27},"end":{"line":37,"column":1}},"3":{"start":{"line":25,"column":4},"end":{"line":36,"column":5}},"4":{"start":{"line":26,"column":36},"end":{"line":32,"column":10}},"5":{"start":{"line":33,"column":8},"end":{"line":33,"column":64}},"6":{"start":{"line":35,"column":8},"end":{"line":35,"column":72}},"7":{"start":{"line":20,"column":13},"end":{"line":20,"column":27}},"8":{"start":{"line":43,"column":27},"end":{"line":70,"column":1}},"9":{"start":{"line":44,"column":4},"end":{"line":69,"column":5}},"10":{"start":{"line":45,"column":23},"end":{"line":45,"column":56}},"11":{"start":{"line":46,"column":8},"end":{"line":46,"column":33}},"12":{"start":{"line":46,"column":21},"end":{"line":46,"column":33}},"13":{"start":{"line":48,"column":36},"end":{"line":48,"column":54}},"14":{"start":{"line":51,"column":8},"end":{"line":55,"column":9}},"15":{"start":{"line":52,"column":12},"end":{"line":52,"column":78}},"16":{"start":{"line":53,"column":12},"end":{"line":53,"column":27}},"17":{"start":{"line":54,"column":12},"end":{"line":54,"column":24}},"18":{"start":{"line":58,"column":24},"end":{"line":58,"column":47}},"19":{"start":{"line":59,"column":8},"end":{"line":63,"column":9}},"20":{"start":{"line":60,"column":12},"end":{"line":60,"column":64}},"21":{"start":{"line":61,"column":12},"end":{"line":61,"column":27}},"22":{"start":{"line":62,"column":12},"end":{"line":62,"column":24}},"23":{"start":{"line":65,"column":8},"end":{"line":65,"column":20}},"24":{"start":{"line":67,"column":8},"end":{"line":67,"column":74}},"25":{"start":{"line":68,"column":8},"end":{"line":68,"column":20}},"26":{"start":{"line":43,"column":13},"end":{"line":43,"column":27}},"27":{"start":{"line":75,"column":28},"end":{"line":81,"column":1}},"28":{"start":{"line":76,"column":4},"end":{"line":80,"column":5}},"29":{"start":{"line":77,"column":8},"end":{"line":77,"column":45}},"30":{"start":{"line":79,"column":8},"end":{"line":79,"column":75}},"31":{"start":{"line":75,"column":13},"end":{"line":75,"column":28}},"32":{"start":{"line":86,"column":32},"end":{"line":88,"column":1}},"33":{"start":{"line":87,"column":4},"end":{"line":87,"column":34}},"34":{"start":{"line":86,"column":13},"end":{"line":86,"column":32}}},"fnMap":{"0":{"name":"(anonymous_0)","decl":{"start":{"line":20,"column":27},"end":{"line":20,"column":null}},"loc":{"start":{"line":24,"column":10},"end":{"line":37,"column":1}}},"1":{"name":"(anonymous_1)","decl":{"start":{"line":43,"column":27},"end":{"line":43,"column":52}},"loc":{"start":{"line":43,"column":54},"end":{"line":70,"column":1}}},"2":{"name":"(anonymous_2)","decl":{"start":{"line":75,"column":28},"end":{"line":75,"column":37}},"loc":{"start":{"line":75,"column":39},"end":{"line":81,"column":1}}},"3":{"name":"(anonymous_3)","decl":{"start":{"line":86,"column":32},"end":{"line":86,"column":44}},"loc":{"start":{"line":86,"column":46},"end":{"line":88,"column":1}}}},"branchMap":{"0":{"loc":{"start":{"line":46,"column":8},"end":{"line":46,"column":33}},"type":"if","locations":[{"start":{"line":46,"column":8},"end":{"line":46,"column":33}},{"start":{},"end":{}}]},"1":{"loc":{"start":{"line":51,"column":8},"end":{"line":55,"column":9}},"type":"if","locations":[{"start":{"line":51,"column":8},"end":{"line":55,"column":9}},{"start":{},"end":{}}]},"2":{"loc":{"start":{"line":59,"column":8},"end":{"line":63,"column":9}},"type":"if","locations":[{"start":{"line":59,"column":8},"end":{"line":63,"column":9}},{"start":{},"end":{}}]}},"s":{"0":6,"1":6,"2":6,"3":7,"4":7,"5":7,"6":0,"7":6,"8":6,"9":8,"10":8,"11":8,"12":2,"13":6,"14":6,"15":2,"16":2,"17":2,"18":4,"19":4,"20":1,"21":1,"22":1,"23":3,"24":0,"25":0,"26":6,"27":6,"28":5,"29":5,"30":0,"31":6,"32":6,"33":3,"34":6},"f":{"0":7,"1":8,"2":5,"3":3},"b":{"0":[2,6],"1":[2,4],"2":[1,3]}}
,"/home/letser/dev/plotplay/frontend/src/utils/textFormatting.ts": {"path":"/home/letser/dev/plotplay/frontend/src/utils/textFormatting.ts","statementMap":{"0":{"start":{"line":9,"column":26},"end":{"line":12,"column":1}},"1":{"start":{"line":10,"column":4},"end":{"line":10,"column":25}},"2":{"start":{"line":10,"column":15},"end":{"line":10,"column":25}},"3":{"start":{"line":11,"column":4},"end":{"line":11,"column":56}},"4":{"start":{"line":9,"column":13},"end":{"line":9,"column":26}},"5":{"start":{"line":18,"column":27},"end":{"line":25,"column":1}},"6":{"start":{"line":19,"column":4},"end":{"line":19,"column":25}},"7":{"start":{"line":19,"column":15},"end":{"line":19,"column":25}},"8":{"start":{"line":20,"column":4},"end":{"line":24,"column":19}},"9":{"start":{"line":23,"column":21},"end":{"line":23,"column":37}},"10":{"start":{"line":18,"column":13},"end":{"line":18,"column":27}},"11":{"start":{"line":31,"column":34},"end":{"line":33,"column":1}},"12":{"start":{"line":32,"column":4},"end":{"line":32,"column":74}},"13":{"start":{"line":32,"column":57},"end":{"line":32,"column":72}},"14":{"start":{"line":31,"column":13},"end":{"line":31,"column":34}}},"fnMap":{"0":{"name":"(anonymous_0)","decl":{"start":{"line":9,"column":26},"end":{"line":9,"column":27}},"loc":{"start":{"line":9,"column":51},"end":{"line":12,"column":1}}},"1":{"name":"(anonymous_1)","decl":{"start":{"line":18,"column":27},"end":{"line":18,"column":28}},"loc":{"start":{"line":18,"column":71},"end":{"line":25,"column":1}}},"2":{"name":"(anonymous_2)","decl":{"start":{"line":23,"column":13},"end":{"line":23,"column":17}},"loc":{"start":{"line":23,"column":21},"end":{"line":23,"column":37}}},"3":{"name":"(anonymous_3)","decl":{"start":{"line":31,"column":34},"end":{"line":31,"column":35}},"loc":{"start":{"line":31,"column":59},"end":{"line":33,"column":1}}},"4":{"name":"(anonymous_4)","decl":{"start":{"line":32,"column":52},"end":{"line":32,"column":53}},"loc":{"start":{"line":32,"column":57},"end":{"line":32,"column":72}}}},"branchMap":{"0":{"loc":{"start":{"line":10,"column":4},"end":{"line":10,"column":25}},"type":"if","locations":[{"start":{"line":10,"column":4},"end":{"line":10,"column":25}},{"start":{},"end":{}}]},"1":{"loc":{"start":{"line":19,"column":4},"end":{"line":19,"column":25}},"type":"if","locations":[{"start":{"line":19,"column":4},"end":{"line":19,"column":25}},{"start":{},"end":{}}]}},"s":{"0":2,"1":15,"2":1,"3":14,"4":2,"5":2,"6":8,"7":3,"8":5,"9":9,"10":2,"11":2,"12":5,"13":9,"14":2},"f":{"0":15,"1":8,"2":9,"3":5,"4":9},"b":{"0":[1,14],"1":[3,5]}}
}
