TN:
SF:src/components/ChoicePanel.tsx
FN:20,(anonymous_0)
FN:30,(anonymous_1)
FN:33,(anonymous_2)
FN:34,(anonymous_3)
FN:40,(anonymous_4)
FN:49,(anonymous_5)
FN:54,(anonymous_6)
FN:56,(anonymous_7)
FN:65,(anonymous_8)
FN:73,(anonymous_9)
FN:82,(anonymous_10)
FN:96,(anonymous_11)
FN:108,(anonymous_12)
FN:125,(anonymous_13)
FN:137,(anonymous_14)
FN:147,(anonymous_15)
FN:151,(anonymous_16)
FN:172,(anonymous_17)
FN:209,(anonymous_18)
FN:212,(anonymous_19)
FN:235,(anonymous_20)
FN:238,(anonymous_21)
FNF:22
FNH:13
FNDA:28,(anonymous_0)
FNDA:28,(anonymous_1)
FNDA:55,(anonymous_2)
FNDA:55,(anonymous_3)
FNDA:0,(anonymous_4)
FNDA:0,(anonymous_5)
FNDA:29,(anonymous_6)
FNDA:0,(anonymous_7)
FNDA:3,(anonymous_8)
FNDA:1,(anonymous_9)
FNDA:46,(anonymous_10)
FNDA:0,(anonymous_11)
FNDA:3,(anonymous_12)
FNDA:0,(anonymous_13)
FNDA:0,(anonymous_14)
FNDA:0,(anonymous_15)
FNDA:0,(anonymous_16)
FNDA:6,(anonymous_17)
FNDA:29,(anonymous_18)
FNDA:1,(anonymous_19)
FNDA:25,(anonymous_20)
FNDA:0,(anonymous_21)
DA:1,1
DA:2,1
DA:3,1
DA:4,1
DA:5,1
DA:6,1
DA:20,1
DA:21,28
DA:22,28
DA:23,28
DA:24,28
DA:25,28
DA:26,28
DA:27,28
DA:30,28
DA:33,55
DA:34,55
DA:37,28
DA:41,0
DA:42,0
DA:50,0
DA:54,29
DA:57,0
DA:58,0
DA:65,28
DA:66,3
DA:67,3
DA:68,3
DA:69,3
DA:73,28
DA:74,1
DA:75,0
DA:77,1
DA:78,1
DA:82,28
DA:83,46
DA:84,46
DA:87,28
DA:96,0
DA:108,3
DA:125,0
DA:138,0
DA:139,0
DA:148,0
DA:152,0
DA:153,0
DA:172,6
DA:210,29
DA:212,1
DA:236,25
DA:238,0
LF:51
LH:37
BRDA:33,0,0,55
BRDA:33,0,1,25
BRDA:34,1,0,55
BRDA:34,1,1,30
BRDA:57,2,0,0
BRDA:57,2,1,0
BRDA:67,3,0,3
BRDA:67,3,1,0
BRDA:68,4,0,2
BRDA:68,4,1,1
BRDA:74,5,0,0
BRDA:74,5,1,1
BRDA:74,6,0,1
BRDA:74,6,1,1
BRDA:77,7,0,1
BRDA:77,7,1,1
BRDA:77,7,2,1
BRDA:83,8,0,0
BRDA:83,8,1,46
BRDA:84,9,0,0
BRDA:84,9,1,46
BRDA:98,10,0,23
BRDA:98,10,1,5
BRDA:110,11,0,5
BRDA:110,11,1,23
BRDA:121,12,0,28
BRDA:121,12,1,23
BRDA:121,12,2,23
BRDA:133,13,0,23
BRDA:133,13,1,0
BRDA:142,14,0,0
BRDA:142,14,1,0
BRDA:156,15,0,0
BRDA:156,15,1,0
BRDA:174,16,0,23
BRDA:174,16,1,5
BRDA:175,17,0,23
BRDA:175,17,1,0
BRDA:186,18,0,28
BRDA:186,18,1,25
BRDA:191,19,0,3
BRDA:191,19,1,25
BRDA:197,20,0,28
BRDA:197,20,1,3
BRDA:197,20,2,28
BRDA:202,21,0,28
BRDA:202,21,1,28
BRDA:219,22,0,29
BRDA:219,22,1,29
BRDA:228,23,0,28
BRDA:228,23,1,25
BRDA:254,24,0,28
BRDA:254,24,1,3
BRF:53
BRH:41
end_of_record
TN:
SF:src/components/LoadingSpinner.tsx
FN:13,(anonymous_0)
FNF:1
FNH:1
FNDA:3,(anonymous_0)
DA:1,1
DA:13,1
DA:14,3
DA:21,3
DA:29,3
DA:30,0
DA:37,3
LF:7
LH:6
BRDA:13,0,0,0
BRDA:13,1,0,3
BRDA:23,2,0,3
BRDA:23,2,1,0
BRDA:29,3,0,0
BRDA:29,3,1,3
BRF:6
BRH:3
end_of_record
TN:
SF:src/components/MovementControls.tsx
FN:14,(anonymous_0)
FN:24,(anonymous_1)
FN:40,(anonymous_2)
FN:50,(anonymous_3)
FNF:4
FNH:4
FNDA:1,(anonymous_0)
FNDA:1,(anonymous_1)
FNDA:1,(anonymous_2)
FNDA:1,(anonymous_3)
DA:1,1
DA:2,1
DA:3,1
DA:4,1
DA:5,1
DA:7,1
DA:14,1
DA:15,1
DA:16,1
DA:18,1
DA:19,0
DA:22,1
DA:24,1
DA:25,1
DA:26,1
DA:27,0
DA:28,0
DA:32,1
DA:41,1
DA:43,1
DA:47,1
DA:50,1
LF:22
LH:19
BRDA:18,0,0,0
BRDA:18,0,1,1
BRDA:18,1,0,1
BRDA:18,1,1,1
BRDA:25,2,0,1
BRDA:25,2,1,0
BRDA:27,3,0,0
BRDA:27,3,1,0
BRDA:41,4,0,1
BRDA:41,4,1,0
BRDA:43,5,0,1
BRDA:43,5,1,0
BRDA:43,6,0,1
BRDA:43,6,1,1
BRDA:49,7,0,1
BRDA:49,7,1,0
BRDA:49,7,2,0
BRF:17
BRH:9
end_of_record
TN:
SF:src/hooks/index.ts
FN:5,(anonymous_0)
FN:6,(anonymous_1)
FN:7,(anonymous_2)
FN:8,(anonymous_3)
FN:9,(anonymous_4)
FN:10,(anonymous_5)
FNF:6
FNH:5
FNDA:3,(anonymous_0)
FNDA:4,(anonymous_1)
FNDA:31,(anonymous_2)
FNDA:5,(anonymous_3)
FNDA:4,(anonymous_4)
FNDA:0,(anonymous_5)
DA:5,6
DA:6,7
DA:7,34
DA:8,8
DA:9,7
DA:10,3
LF:6
LH:6
BRF:0
BRH:0
end_of_record
TN:
SF:src/hooks/useKeyboardShortcuts.ts
FN:19,(anonymous_0)
FN:20,(anonymous_1)
FN:21,(anonymous_2)
FN:38,(anonymous_3)
FN:45,(anonymous_4)
FN:46,(anonymous_5)
FN:47,(anonymous_6)
FN:66,(anonymous_7)
FNF:8
FNH:3
FNDA:0,(anonymous_0)
FNDA:0,(anonymous_1)
FNDA:0,(anonymous_2)
FNDA:0,(anonymous_3)
FNDA:28,(anonymous_4)
FNDA:28,(anonymous_5)
FNDA:0,(anonymous_6)
FNDA:28,(anonymous_7)
DA:5,1
DA:19,1
DA:20,0
DA:21,0
DA:22,0
DA:25,0
DA:32,0
DA:33,0
DA:37,0
DA:38,0
DA:45,1
DA:46,28
DA:47,28
DA:48,0
DA:49,0
DA:51,0
DA:58,0
DA:59,0
DA:60,0
DA:65,28
DA:66,28
LF:21
LH:7
BRDA:22,0,0,0
BRDA:22,1,0,0
BRDA:22,2,0,0
BRDA:22,3,0,0
BRDA:25,4,0,0
BRDA:25,4,1,0
BRDA:26,5,0,0
BRDA:26,5,1,0
BRDA:26,5,2,0
BRDA:26,5,3,0
BRDA:26,5,4,0
BRDA:49,6,0,0
BRDA:49,7,0,0
BRDA:49,8,0,0
BRDA:49,9,0,0
BRDA:51,10,0,0
BRDA:51,10,1,0
BRDA:52,11,0,0
BRDA:52,11,1,0
BRDA:52,11,2,0
BRDA:52,11,3,0
BRDA:52,11,4,0
BRF:22
BRH:0
end_of_record
TN:
SF:src/hooks/useLocation.ts
FN:12,(anonymous_0)
FNF:1
FNH:1
FNDA:5,(anonymous_0)
DA:5,3
DA:12,3
DA:13,5
DA:14,5
LF:4
LH:4
BRDA:14,0,0,5
BRDA:14,0,1,1
BRF:2
BRH:2
end_of_record
TN:
SF:src/hooks/usePlayer.ts
FN:12,(anonymous_0)
FNF:1
FNH:1
FNDA:4,(anonymous_0)
DA:5,3
DA:12,3
DA:13,4
DA:14,4
LF:4
LH:4
BRDA:14,0,0,4
BRDA:14,0,1,1
BRF:2
BRH:2
end_of_record
TN:
SF:src/hooks/usePresentCharacters.ts
FN:12,(anonymous_0)
FNF:1
FNH:1
FNDA:31,(anonymous_0)
DA:5,3
DA:12,3
DA:13,31
DA:14,31
LF:4
LH:4
BRDA:14,0,0,31
BRDA:14,0,1,1
BRF:2
BRH:2
end_of_record
TN:
SF:src/hooks/useSnapshot.ts
FN:13,(anonymous_0)
FN:14,(anonymous_1)
FNF:2
FNH:2
FNDA:47,(anonymous_0)
FNDA:139,(anonymous_1)
DA:6,3
DA:13,3
DA:14,139
DA:15,47
LF:4
LH:4
BRDA:15,0,0,47
BRDA:15,0,1,6
BRF:2
BRH:2
end_of_record
TN:
SF:src/hooks/useTimeInfo.ts
FN:12,(anonymous_0)
FNF:1
FNH:1
FNDA:4,(anonymous_0)
DA:5,3
DA:12,3
DA:13,4
DA:14,4
LF:4
LH:4
BRDA:14,0,0,4
BRDA:14,0,1,1
BRF:2
BRH:2
end_of_record
TN:
SF:src/hooks/useToast.ts
FN:24,(anonymous_0)
FN:27,(anonymous_1)
FN:31,(anonymous_2)
FN:37,(anonymous_3)
FN:38,(anonymous_4)
FN:39,(anonymous_5)
FN:45,(anonymous_6)
FN:46,(anonymous_7)
FN:47,(anonymous_8)
FN:51,(anonymous_9)
FN:55,(anonymous_10)
FN:59,(anonymous_11)
FN:63,(anonymous_12)
FNF:13
FNH:1
FNDA:4,(anonymous_0)
FNDA:0,(anonymous_1)
FNDA:0,(anonymous_2)
FNDA:0,(anonymous_3)
FNDA:0,(anonymous_4)
FNDA:0,(anonymous_5)
FNDA:0,(anonymous_6)
FNDA:0,(anonymous_7)
FNDA:0,(anonymous_8)
FNDA:0,(anonymous_9)
FNDA:0,(anonymous_10)
FNDA:0,(anonymous_11)
FNDA:0,(anonymous_12)
DA:5,4
DA:24,4
DA:28,0
DA:29,0
DA:31,0
DA:36,0
DA:37,0
DA:38,0
DA:39,0
DA:46,0
DA:47,0
DA:52,0
DA:56,0
DA:60,0
DA:64,0
LF:15
LH:2
BRDA:27,0,0,0
BRDA:36,1,0,0
BRDA:36,1,1,0
BRF:3
BRH:0
end_of_record
TN:
SF:src/services/gameApi.ts
FN:185,(anonymous_0)
FN:190,(anonymous_1)
FN:195,(anonymous_2)
FN:215,(anonymous_3)
FN:220,(anonymous_4)
FN:231,(anonymous_5)
FN:242,(anonymous_6)
FN:251,(anonymous_7)
FN:260,(anonymous_8)
FN:270,(anonymous_9)
FN:275,(anonymous_10)
FNF:11
FNH:0
FNDA:0,(anonymous_0)
FNDA:0,(anonymous_1)
FNDA:0,(anonymous_2)
FNDA:0,(anonymous_3)
FNDA:0,(anonymous_4)
FNDA:0,(anonymous_5)
FNDA:0,(anonymous_6)
FNDA:0,(anonymous_7)
FNDA:0,(anonymous_8)
FNDA:0,(anonymous_9)
FNDA:0,(anonymous_10)
DA:1,3
DA:3,3
DA:186,0
DA:187,0
DA:191,0
DA:192,0
DA:204,0
DA:212,0
DA:216,0
DA:217,0
DA:221,0
DA:228,0
DA:232,0
DA:239,0
DA:243,0
DA:248,0
DA:252,0
DA:257,0
DA:261,0
DA:267,0
DA:271,0
DA:272,0
DA:276,0
DA:277,0
DA:281,3
LF:25
LH:3
BRDA:210,0,0,0
BRDA:210,0,1,0
BRDA:220,1,0,0
BRDA:231,2,0,0
BRDA:242,3,0,0
BRDA:242,4,0,0
BRDA:251,5,0,0
BRDA:251,6,0,0
BRDA:260,7,0,0
BRDA:260,8,0,0
BRF:10
BRH:0
end_of_record
TN:
SF:src/stores/gameStore.ts
FN:60,(anonymous_0)
FN:78,(anonymous_1)
FN:86,(anonymous_2)
FN:98,(anonymous_3)
FN:111,(anonymous_4)
FN:115,(anonymous_5)
FN:147,(anonymous_6)
FN:170,(anonymous_7)
FN:191,(anonymous_8)
FN:206,(anonymous_9)
FN:217,(anonymous_10)
FN:226,(anonymous_11)
FN:245,(anonymous_12)
FN:253,(anonymous_13)
FN:260,(anonymous_14)
FN:278,(anonymous_15)
FN:285,(anonymous_16)
FN:303,(anonymous_17)
FN:310,(anonymous_18)
FN:317,(anonymous_19)
FN:324,(anonymous_20)
FN:331,(anonymous_21)
FN:338,(anonymous_22)
FN:346,(anonymous_23)
FN:350,(anonymous_24)
FN:351,(anonymous_25)
FN:354,(anonymous_26)
FN:368,(anonymous_27)
FN:372,(anonymous_28)
FN:389,(anonymous_29)
FN:399,(anonymous_30)
FN:426,(anonymous_31)
FNF:32
FNH:1
FNDA:0,(anonymous_0)
FNDA:0,(anonymous_1)
FNDA:3,(anonymous_2)
FNDA:0,(anonymous_3)
FNDA:0,(anonymous_4)
FNDA:0,(anonymous_5)
FNDA:0,(anonymous_6)
FNDA:0,(anonymous_7)
FNDA:0,(anonymous_8)
FNDA:0,(anonymous_9)
FNDA:0,(anonymous_10)
FNDA:0,(anonymous_11)
FNDA:0,(anonymous_12)
FNDA:0,(anonymous_13)
FNDA:0,(anonymous_14)
FNDA:0,(anonymous_15)
FNDA:0,(anonymous_16)
FNDA:0,(anonymous_17)
FNDA:0,(anonymous_18)
FNDA:0,(anonymous_19)
FNDA:0,(anonymous_20)
FNDA:0,(anonymous_21)
FNDA:0,(anonymous_22)
FNDA:0,(anonymous_23)
FNDA:0,(anonymous_24)
FNDA:0,(anonymous_25)
FNDA:0,(anonymous_26)
FNDA:0,(anonymous_27)
FNDA:0,(anonymous_28)
FNDA:0,(anonymous_29)
FNDA:0,(anonymous_30)
FNDA:0,(anonymous_31)
DA:1,3
DA:2,3
DA:10,3
DA:11,3
DA:13,3
DA:60,3
DA:66,0
DA:68,0
DA:69,0
DA:78,3
DA:79,0
DA:80,0
DA:81,0
DA:83,0
DA:86,3
DA:99,0
DA:100,0
DA:101,0
DA:102,0
DA:104,0
DA:105,0
DA:106,0
DA:107,0
DA:112,0
DA:113,0
DA:114,0
DA:115,0
DA:116,0
DA:123,0
DA:134,0
DA:135,0
DA:138,0
DA:140,0
DA:141,0
DA:142,0
DA:143,0
DA:155,0
DA:156,0
DA:158,0
DA:159,0
DA:160,0
DA:170,0
DA:171,0
DA:172,0
DA:173,0
DA:175,0
DA:184,0
DA:185,0
DA:186,0
DA:187,0
DA:192,0
DA:193,0
DA:195,0
DA:196,0
DA:197,0
DA:198,0
DA:199,0
DA:200,0
DA:201,0
DA:205,0
DA:206,0
DA:207,0
DA:208,0
DA:209,0
DA:213,0
DA:214,0
DA:215,0
DA:217,0
DA:223,0
DA:224,0
DA:226,0
DA:227,0
DA:228,0
DA:230,0
DA:239,0
DA:241,0
DA:242,0
DA:243,0
DA:245,0
DA:254,0
DA:255,0
DA:257,0
DA:258,0
DA:259,0
DA:260,0
DA:261,0
DA:262,0
DA:264,0
DA:273,0
DA:274,0
DA:279,0
DA:280,0
DA:282,0
DA:283,0
DA:284,0
DA:285,0
DA:286,0
DA:287,0
DA:289,0
DA:298,0
DA:299,0
DA:304,0
DA:305,0
DA:307,0
DA:308,0
DA:309,0
DA:310,0
DA:312,0
DA:313,0
DA:318,0
DA:319,0
DA:321,0
DA:322,0
DA:323,0
DA:324,0
DA:326,0
DA:327,0
DA:332,0
DA:333,0
DA:335,0
DA:336,0
DA:337,0
DA:338,0
DA:340,0
DA:341,0
DA:347,0
DA:351,0
DA:356,0
DA:358,0
DA:369,0
DA:373,0
DA:374,0
DA:375,0
DA:376,0
DA:379,0
DA:380,0
DA:382,0
DA:385,0
DA:386,0
DA:387,0
DA:389,0
DA:398,0
DA:399,0
DA:409,0
DA:419,0
DA:420,0
DA:421,0
DA:426,3
DA:427,0
DA:428,0
DA:430,0
LF:151
LH:9
BRDA:66,0,0,0
BRDA:66,0,1,0
BRDA:66,1,0,0
BRDA:66,1,1,0
BRDA:68,2,0,0
BRDA:68,2,1,0
BRDA:68,3,0,0
BRDA:68,3,1,0
BRDA:79,4,0,0
BRDA:79,4,1,0
BRDA:80,5,0,0
BRDA:80,5,1,0
BRDA:115,6,0,0
BRDA:115,6,1,0
BRDA:134,7,0,0
BRDA:134,7,1,0
BRDA:156,8,0,0
BRDA:156,8,1,0
BRDA:172,9,0,0
BRDA:172,9,1,0
BRDA:193,10,0,0
BRDA:193,10,1,0
BRDA:196,11,0,0
BRDA:196,11,1,0
BRDA:198,12,0,0
BRDA:198,12,1,0
BRDA:200,13,0,0
BRDA:200,13,1,0
BRDA:205,14,0,0
BRDA:205,14,1,0
BRDA:205,15,0,0
BRDA:205,15,1,0
BRDA:205,15,2,0
BRDA:207,16,0,0
BRDA:207,16,1,0
BRDA:214,17,0,0
BRDA:214,17,1,0
BRDA:214,17,2,0
BRDA:214,17,3,0
BRDA:228,18,0,0
BRDA:228,18,1,0
BRDA:253,19,0,0
BRDA:255,20,0,0
BRDA:255,20,1,0
BRDA:267,21,0,0
BRDA:267,21,1,0
BRDA:278,22,0,0
BRDA:280,23,0,0
BRDA:280,23,1,0
BRDA:292,24,0,0
BRDA:292,24,1,0
BRDA:303,25,0,0
BRDA:303,26,0,0
BRDA:305,27,0,0
BRDA:305,27,1,0
BRDA:317,28,0,0
BRDA:317,29,0,0
BRDA:319,30,0,0
BRDA:319,30,1,0
BRDA:331,31,0,0
BRDA:331,32,0,0
BRDA:333,33,0,0
BRDA:333,33,1,0
BRDA:374,34,0,0
BRDA:374,34,1,0
BRDA:386,35,0,0
BRDA:386,35,1,0
BRDA:389,36,0,0
BRDA:389,36,1,0
BRDA:398,37,0,0
BRDA:398,37,1,0
BRDA:412,38,0,0
BRDA:412,38,1,0
BRDA:433,39,0,0
BRDA:433,39,1,0
BRF:75
BRH:0
end_of_record
TN:
SF:src/tests/testUtils.tsx
FN:13,(anonymous_4)
FN:122,(anonymous_5)
FN:136,(anonymous_6)
FN:155,(anonymous_7)
FN:173,(anonymous_8)
FN:200,(anonymous_9)
FNF:6
FNH:6
FNDA:29,(anonymous_4)
FNDA:29,(anonymous_5)
FNDA:42,(anonymous_6)
FNDA:34,(anonymous_7)
FNDA:29,(anonymous_8)
FNDA:16,(anonymous_9)
DA:6,2
DA:7,2
DA:13,2
DA:14,29
DA:122,2
DA:123,29
DA:136,2
DA:137,42
DA:155,2
DA:156,34
DA:173,2
DA:184,29
DA:186,29
DA:200,2
DA:204,16
DA:208,2
LF:16
LH:16
BRDA:180,0,0,29
BRDA:181,1,0,29
BRDA:182,2,0,16
BRDA:183,3,0,29
BRDA:184,4,0,29
BRDA:184,4,1,16
BRF:6
BRH:6
end_of_record
TN:
SF:src/utils/index.ts
FN:5,(anonymous_0)
FN:5,(anonymous_1)
FN:5,(anonymous_2)
FN:6,(anonymous_3)
FN:6,(anonymous_4)
FN:6,(anonymous_5)
FN:7,(anonymous_6)
FN:7,(anonymous_7)
FN:7,(anonymous_8)
FN:7,(anonymous_9)
FNF:10
FNH:5
FNDA:11,(anonymous_0)
FNDA:0,(anonymous_1)
FNDA:6,(anonymous_2)
FNDA:6,(anonymous_3)
FNDA:8,(anonymous_4)
FNDA:5,(anonymous_5)
FNDA:0,(anonymous_6)
FNDA:0,(anonymous_7)
FNDA:0,(anonymous_8)
FNDA:0,(anonymous_9)
DA:5,13
DA:6,10
DA:7,2
LF:3
LH:3
BRF:0
BRH:0
end_of_record
TN:
SF:src/utils/meterUtils.tsx
FN:10,(anonymous_0)
FN:27,(anonymous_1)
FN:37,(anonymous_2)
FN:41,(anonymous_3)
FNF:4
FNH:3
FNDA:11,(anonymous_0)
FNDA:0,(anonymous_1)
FNDA:6,(anonymous_2)
FNDA:10,(anonymous_3)
DA:10,2
DA:11,11
DA:20,11
DA:27,2
DA:28,0
DA:29,0
DA:31,0
DA:37,2
DA:38,6
DA:41,10
LF:10
LH:7
BRDA:20,0,0,11
BRDA:20,0,1,2
BRDA:28,1,0,0
BRDA:28,1,1,0
BRF:4
BRH:2
end_of_record
TN:
SF:src/utils/storage.ts
FN:20,(anonymous_0)
FN:43,(anonymous_1)
FN:75,(anonymous_2)
FN:86,(anonymous_3)
FNF:4
FNH:4
FNDA:7,(anonymous_0)
FNDA:8,(anonymous_1)
FNDA:5,(anonymous_2)
FNDA:3,(anonymous_3)
DA:6,6
DA:7,6
DA:20,6
DA:25,7
DA:26,7
DA:33,7
DA:35,0
DA:43,6
DA:44,8
DA:45,8
DA:46,8
DA:48,6
DA:51,6
DA:52,2
DA:53,2
DA:54,2
DA:58,4
DA:59,4
DA:60,1
DA:61,1
DA:62,1
DA:65,3
DA:67,0
DA:68,0
DA:75,6
DA:76,5
DA:77,5
DA:79,0
DA:86,6
DA:87,3
LF:30
LH:26
BRDA:46,0,0,2
BRDA:46,0,1,6
BRDA:51,1,0,2
BRDA:51,1,1,4
BRDA:59,2,0,1
BRDA:59,2,1,3
BRF:6
BRH:6
end_of_record
TN:
SF:src/utils/textFormatting.ts
FN:9,(anonymous_0)
FN:18,(anonymous_1)
FN:23,(anonymous_2)
FN:31,(anonymous_3)
FN:32,(anonymous_4)
FNF:5
FNH:5
FNDA:15,(anonymous_0)
FNDA:8,(anonymous_1)
FNDA:9,(anonymous_2)
FNDA:5,(anonymous_3)
FNDA:9,(anonymous_4)
DA:9,2
DA:10,15
DA:11,14
DA:18,2
DA:19,8
DA:20,5
DA:23,9
DA:31,2
DA:32,9
LF:9
LH:9
BRDA:10,0,0,1
BRDA:10,0,1,14
BRDA:19,1,0,3
BRDA:19,1,1,5
BRF:4
BRH:4
end_of_record
